2025-10-07 05:51:15,687 - utils - INFO - Starting download for 1 symbols
2025-10-07 05:51:15,705 - utils - INFO - Downloading BTCUSDT data for hour resolution
2025-10-07 05:51:19,173 - utils - INFO - Saved 6673 bars for BTCUSDT hour
2025-10-07 05:51:19,177 - utils - INFO - Download completed
2025-10-07 05:51:19,177 - utils - INFO - Starting download for 1 symbols
2025-10-07 05:51:19,179 - utils - INFO - Downloading ETHUSDT data for hour resolution
2025-10-07 05:51:22,638 - utils - INFO - Saved 6673 bars for ETHUSDT hour
2025-10-07 05:51:22,643 - utils - INFO - Download completed
2025-10-07 05:53:53,560 - utils - INFO - Starting download for 1 symbols
2025-10-07 05:53:53,575 - utils - INFO - Downloading BTCUSDT data for hour resolution
2025-10-07 05:53:57,590 - utils - INFO - Saved 6673 bars for BTCUSDT hour
2025-10-07 05:53:57,596 - utils - INFO - Download completed
2025-10-07 05:53:57,596 - utils - INFO - Starting download for 1 symbols
2025-10-07 05:53:57,598 - utils - INFO - Downloading ETHUSDT data for hour resolution
2025-10-07 05:54:01,105 - utils - INFO - Saved 6673 bars for ETHUSDT hour
2025-10-07 05:54:01,109 - utils - INFO - Download completed
2025-10-07 05:57:01,851 - utils - INFO - Starting download for 1 symbols
2025-10-07 05:57:01,863 - utils - INFO - Downloading BTCUSDT data for hour resolution
2025-10-07 05:57:05,535 - utils - INFO - Saved 6673 bars for BTCUSDT hour
2025-10-07 05:57:05,542 - utils - INFO - Download completed
2025-10-07 05:57:05,543 - utils - INFO - Starting download for 1 symbols
2025-10-07 05:57:05,545 - utils - INFO - Downloading ETHUSDT data for hour resolution
2025-10-07 05:57:08,857 - utils - INFO - Saved 6673 bars for ETHUSDT hour
2025-10-07 05:57:08,861 - utils - INFO - Download completed
