This is pdfTeX, Version 3.141592653-2.6-1.40.27 (TeX Live 2025) (preloaded format=pdflatex 2025.8.26)  15 SEP 2025 12:52
entering extended mode
 restricted \write18 enabled.
 file:line:error style messages enabled.
 %&-line parsing enabled.
**/Users/misango/codechest/LeanBacktester/arithmax-strategies/csharp_Algorithms/DiversifiedLeverage/Research_paper/DiversifiedLeverageReport_Fixed.tex
(/Users/misango/codechest/LeanBacktester/arithmax-strategies/csharp_Algorithms/DiversifiedLeverage/Research_paper/DiversifiedLeverageReport_Fixed.tex
LaTeX2e <2024-11-01> patch level 2
L3 programming layer <2025-01-18>
(/usr/local/texlive/2025/texmf-dist/tex/latex/ieeetran/IEEEtran.cls
Document Class: IEEEtran 2015/08/26 V1.8b by Michael Shell
-- See the "IEEEtran_HOWTO" manual for usage information.
-- http://www.michaelshell.org/tex/ieeetran/
\@IEEEtrantmpdimenA=\dimen141
\@IEEEtrantmpdimenB=\dimen142
\@IEEEtrantmpdimenC=\dimen143
\@IEEEtrantmpcountA=\count196
\@IEEEtrantmpcountB=\count197
\@IEEEtrantmpcountC=\count198
\@IEEEtrantmptoksA=\toks17
LaTeX Font Info:    Trying to load font information for OT1+ptm on input line 503.
(/usr/local/texlive/2025/texmf-dist/tex/latex/psnfss/ot1ptm.fd
File: ot1ptm.fd 2001/06/04 font definitions for OT1/ptm.
)
-- Using 8.5in x 11in (letter) paper.
-- Using PDF output.
\@IEEEnormalsizeunitybaselineskip=\dimen144
-- This is an 11 point document.
\CLASSINFOnormalsizebaselineskip=\dimen145
\CLASSINFOnormalsizeunitybaselineskip=\dimen146
\IEEEnormaljot=\dimen147
LaTeX Font Info:    Font shape `OT1/ptm/bx/n' in size <6> not available
(Font)              Font shape `OT1/ptm/b/n' tried instead on input line 1090.
LaTeX Font Info:    Font shape `OT1/ptm/bx/it' in size <6> not available
(Font)              Font shape `OT1/ptm/b/it' tried instead on input line 1090.
LaTeX Font Info:    Font shape `OT1/ptm/bx/n' in size <8> not available
(Font)              Font shape `OT1/ptm/b/n' tried instead on input line 1090.
LaTeX Font Info:    Font shape `OT1/ptm/bx/it' in size <8> not available
(Font)              Font shape `OT1/ptm/b/it' tried instead on input line 1090.
LaTeX Font Info:    Font shape `OT1/ptm/bx/n' in size <9> not available
(Font)              Font shape `OT1/ptm/b/n' tried instead on input line 1090.
LaTeX Font Info:    Font shape `OT1/ptm/bx/it' in size <9> not available
(Font)              Font shape `OT1/ptm/b/it' tried instead on input line 1090.
LaTeX Font Info:    Font shape `OT1/ptm/bx/n' in size <10> not available
(Font)              Font shape `OT1/ptm/b/n' tried instead on input line 1090.
LaTeX Font Info:    Font shape `OT1/ptm/bx/it' in size <10> not available
(Font)              Font shape `OT1/ptm/b/it' tried instead on input line 1090.
LaTeX Font Info:    Font shape `OT1/ptm/bx/n' in size <11> not available
(Font)              Font shape `OT1/ptm/b/n' tried instead on input line 1090.
LaTeX Font Info:    Font shape `OT1/ptm/bx/it' in size <11> not available
(Font)              Font shape `OT1/ptm/b/it' tried instead on input line 1090.
LaTeX Font Info:    Font shape `OT1/ptm/bx/n' in size <12> not available
(Font)              Font shape `OT1/ptm/b/n' tried instead on input line 1090.
LaTeX Font Info:    Font shape `OT1/ptm/bx/it' in size <12> not available
(Font)              Font shape `OT1/ptm/b/it' tried instead on input line 1090.
LaTeX Font Info:    Font shape `OT1/ptm/bx/n' in size <17> not available
(Font)              Font shape `OT1/ptm/b/n' tried instead on input line 1090.
LaTeX Font Info:    Font shape `OT1/ptm/bx/it' in size <17> not available
(Font)              Font shape `OT1/ptm/b/it' tried instead on input line 1090.
LaTeX Font Info:    Font shape `OT1/ptm/bx/n' in size <20> not available
(Font)              Font shape `OT1/ptm/b/n' tried instead on input line 1090.
LaTeX Font Info:    Font shape `OT1/ptm/bx/it' in size <20> not available
(Font)              Font shape `OT1/ptm/b/it' tried instead on input line 1090.
LaTeX Font Info:    Font shape `OT1/ptm/bx/n' in size <24> not available
(Font)              Font shape `OT1/ptm/b/n' tried instead on input line 1090.
LaTeX Font Info:    Font shape `OT1/ptm/bx/it' in size <24> not available
(Font)              Font shape `OT1/ptm/b/it' tried instead on input line 1090.
\IEEEquantizedlength=\dimen148
\IEEEquantizedlengthdiff=\dimen149
\IEEEquantizedtextheightdiff=\dimen150
\IEEEilabelindentA=\dimen151
\IEEEilabelindentB=\dimen152
\IEEEilabelindent=\dimen153
\IEEEelabelindent=\dimen154
\IEEEdlabelindent=\dimen155
\IEEElabelindent=\dimen156
\IEEEiednormlabelsep=\dimen157
\IEEEiedmathlabelsep=\dimen158
\IEEEiedtopsep=\skip49
\c@section=\count199
\c@subsection=\count266
\c@subsubsection=\count267
\c@paragraph=\count268
\c@IEEEsubequation=\count269
\abovecaptionskip=\skip50
\belowcaptionskip=\skip51
\c@figure=\count270
\c@table=\count271
\@IEEEeqnnumcols=\count272
\@IEEEeqncolcnt=\count273
\@IEEEsubeqnnumrollback=\count274
\@IEEEquantizeheightA=\dimen159
\@IEEEquantizeheightB=\dimen160
\@IEEEquantizeheightC=\dimen161
\@IEEEquantizeprevdepth=\dimen162
\@IEEEquantizemultiple=\count275
\@IEEEquantizeboxA=\box52
\@IEEEtmpitemindent=\dimen163
\IEEEPARstartletwidth=\dimen164
\c@IEEEbiography=\count276
\@IEEEtranrubishbin=\box53
)
** ATTENTION: Overriding command lockouts (line 2).
(/usr/local/texlive/2025/texmf-dist/tex/latex/cite/cite.sty
LaTeX Info: Redefining \cite on input line 302.
LaTeX Info: Redefining \nocite on input line 332.
Package: cite 2015/02/27  v 5.5
) (/usr/local/texlive/2025/texmf-dist/tex/latex/amsmath/amsmath.sty
Package: amsmath 2024/11/05 v2.17t AMS math features
\@mathmargin=\skip52

For additional information on amsmath, use the `?' option.
(/usr/local/texlive/2025/texmf-dist/tex/latex/amsmath/amstext.sty
Package: amstext 2021/08/26 v2.01 AMS text
 (/usr/local/texlive/2025/texmf-dist/tex/latex/amsmath/amsgen.sty
File: amsgen.sty 1999/11/30 v2.0 generic functions
\@emptytoks=\toks18
\ex@=\dimen165
)) (/usr/local/texlive/2025/texmf-dist/tex/latex/amsmath/amsbsy.sty
Package: amsbsy 1999/11/29 v1.2d Bold Symbols
\pmbraise@=\dimen166
) (/usr/local/texlive/2025/texmf-dist/tex/latex/amsmath/amsopn.sty
Package: amsopn 2022/04/08 v2.04 operator names
)
\inf@bad=\count277
LaTeX Info: Redefining \frac on input line 233.
\uproot@=\count278
\leftroot@=\count279
LaTeX Info: Redefining \overline on input line 398.
LaTeX Info: Redefining \colon on input line 409.
\classnum@=\count280
\DOTSCASE@=\count281
LaTeX Info: Redefining \ldots on input line 495.
LaTeX Info: Redefining \dots on input line 498.
LaTeX Info: Redefining \cdots on input line 619.
\Mathstrutbox@=\box54
\strutbox@=\box55
LaTeX Info: Redefining \big on input line 721.
LaTeX Info: Redefining \Big on input line 722.
LaTeX Info: Redefining \bigg on input line 723.
LaTeX Info: Redefining \Bigg on input line 724.
\big@size=\dimen167
LaTeX Font Info:    Redeclaring font encoding OML on input line 742.
LaTeX Font Info:    Redeclaring font encoding OMS on input line 743.
\macc@depth=\count282
LaTeX Info: Redefining \bmod on input line 904.
LaTeX Info: Redefining \pmod on input line 909.
LaTeX Info: Redefining \smash on input line 939.
LaTeX Info: Redefining \relbar on input line 969.
LaTeX Info: Redefining \Relbar on input line 970.
\c@MaxMatrixCols=\count283
\dotsspace@=\muskip17
\c@parentequation=\count284
\dspbrk@lvl=\count285
\tag@help=\toks19
\row@=\count286
\column@=\count287
\maxfields@=\count288
\andhelp@=\toks20
\eqnshift@=\dimen168
\alignsep@=\dimen169
\tagshift@=\dimen170
\tagwidth@=\dimen171
\totwidth@=\dimen172
\lineht@=\dimen173
\@envbody=\toks21
\multlinegap=\skip53
\multlinetaggap=\skip54
\mathdisplay@stack=\toks22
LaTeX Info: Redefining \[ on input line 2953.
LaTeX Info: Redefining \] on input line 2954.
) (/usr/local/texlive/2025/texmf-dist/tex/latex/amsfonts/amssymb.sty
Package: amssymb 2013/01/14 v3.01 AMS font symbols
 (/usr/local/texlive/2025/texmf-dist/tex/latex/amsfonts/amsfonts.sty
Package: amsfonts 2013/01/14 v3.01 Basic AMSFonts support
\symAMSa=\mathgroup4
\symAMSb=\mathgroup5
LaTeX Font Info:    Redeclaring math symbol \hbar on input line 98.
LaTeX Font Info:    Overwriting math alphabet `\mathfrak' in version `bold'
(Font)                  U/euf/m/n --> U/euf/b/n on input line 106.
)) (/usr/local/texlive/2025/texmf-dist/tex/latex/algorithms/algorithmic.sty
Package: algorithmic 2009/08/24 v0.1 Document Style `algorithmic'
 (/usr/local/texlive/2025/texmf-dist/tex/latex/base/ifthen.sty
Package: ifthen 2024/03/16 v1.1e Standard LaTeX ifthen package (DPC)
) (/usr/local/texlive/2025/texmf-dist/tex/latex/graphics/keyval.sty
Package: keyval 2022/05/29 v1.15 key=value parser (DPC)
\KV@toks@=\toks23
)
\c@ALC@unique=\count289
\c@ALC@line=\count290
\c@ALC@rem=\count291
\c@ALC@depth=\count292
\ALC@tlm=\skip55
\algorithmicindent=\skip56
) (/usr/local/texlive/2025/texmf-dist/tex/latex/graphics/graphicx.sty
Package: graphicx 2021/09/16 v1.2d Enhanced LaTeX Graphics (DPC,SPQR)
 (/usr/local/texlive/2025/texmf-dist/tex/latex/graphics/graphics.sty
Package: graphics 2024/08/06 v1.4g Standard LaTeX Graphics (DPC,SPQR)
 (/usr/local/texlive/2025/texmf-dist/tex/latex/graphics/trig.sty
Package: trig 2023/12/02 v1.11 sin cos tan (DPC)
) (/usr/local/texlive/2025/texmf-dist/tex/latex/graphics-cfg/graphics.cfg
File: graphics.cfg 2016/06/04 v1.11 sample graphics configuration
)
Package graphics Info: Driver file: pdftex.def on input line 106.
 (/usr/local/texlive/2025/texmf-dist/tex/latex/graphics-def/pdftex.def
File: pdftex.def 2024/04/13 v1.2c Graphics/color driver for pdftex
))
\Gin@req@height=\dimen174
\Gin@req@width=\dimen175
) (/usr/local/texlive/2025/texmf-dist/tex/latex/base/textcomp.sty
Package: textcomp 2024/04/24 v2.1b Standard LaTeX package
) (/usr/local/texlive/2025/texmf-dist/tex/latex/xcolor/xcolor.sty
Package: xcolor 2024/09/29 v3.02 LaTeX color extensions (UK)
 (/usr/local/texlive/2025/texmf-dist/tex/latex/graphics-cfg/color.cfg
File: color.cfg 2016/01/02 v1.6 sample color configuration
)
Package xcolor Info: Driver file: pdftex.def on input line 274.
 (/usr/local/texlive/2025/texmf-dist/tex/latex/graphics/mathcolor.ltx)
Package xcolor Info: Model `cmy' substituted by `cmy0' on input line 1349.
Package xcolor Info: Model `hsb' substituted by `rgb' on input line 1353.
Package xcolor Info: Model `RGB' extended on input line 1365.
Package xcolor Info: Model `HTML' substituted by `rgb' on input line 1367.
Package xcolor Info: Model `Hsb' substituted by `hsb' on input line 1368.
Package xcolor Info: Model `tHsb' substituted by `hsb' on input line 1369.
Package xcolor Info: Model `HSB' substituted by `hsb' on input line 1370.
Package xcolor Info: Model `Gray' substituted by `gray' on input line 1371.
Package xcolor Info: Model `wave' substituted by `hsb' on input line 1372.
) (/usr/local/texlive/2025/texmf-dist/tex/latex/geometry/geometry.sty
Package: geometry 2020/01/02 v5.9 Page Geometry
 (/usr/local/texlive/2025/texmf-dist/tex/generic/iftex/ifvtex.sty
Package: ifvtex 2019/10/25 v1.7 ifvtex legacy package. Use iftex instead.
 (/usr/local/texlive/2025/texmf-dist/tex/generic/iftex/iftex.sty
Package: iftex 2024/12/12 v1.0g TeX engine tests
))
\Gm@cnth=\count293
\Gm@cntv=\count294
\c@Gm@tempcnt=\count295
\Gm@bindingoffset=\dimen176
\Gm@wd@mp=\dimen177
\Gm@odd@mp=\dimen178
\Gm@even@mp=\dimen179
\Gm@layoutwidth=\dimen180
\Gm@layoutheight=\dimen181
\Gm@layouthoffset=\dimen182
\Gm@layoutvoffset=\dimen183
\Gm@dimlist=\toks24
) (/usr/local/texlive/2025/texmf-dist/tex/latex/listings/listings.sty
\lst@mode=\count296
\lst@gtempboxa=\box56
\lst@token=\toks25
\lst@length=\count297
\lst@currlwidth=\dimen184
\lst@column=\count298
\lst@pos=\count299
\lst@lostspace=\dimen185
\lst@width=\dimen186
\lst@newlines=\count300
\lst@lineno=\count301
\lst@maxwidth=\dimen187
 (/usr/local/texlive/2025/texmf-dist/tex/latex/listings/lstpatch.sty
File: lstpatch.sty 2024/09/23 1.10c (Carsten Heinz)
) (/usr/local/texlive/2025/texmf-dist/tex/latex/listings/lstmisc.sty
File: lstmisc.sty 2024/09/23 1.10c (Carsten Heinz)
\c@lstnumber=\count302
\lst@skipnumbers=\count303
\lst@framebox=\box57
) (/usr/local/texlive/2025/texmf-dist/tex/latex/listings/listings.cfg
File: listings.cfg 2024/09/23 1.10c listings configuration
))
Package: listings 2024/09/23 1.10c (Carsten Heinz)
 (/usr/local/texlive/2025/texmf-dist/tex/latex/hyperref/hyperref.sty
Package: hyperref 2024-11-05 v7.01l Hypertext links for LaTeX
 (/usr/local/texlive/2025/texmf-dist/tex/latex/kvsetkeys/kvsetkeys.sty
Package: kvsetkeys 2022-10-05 v1.19 Key value parser (HO)
) (/usr/local/texlive/2025/texmf-dist/tex/generic/kvdefinekeys/kvdefinekeys.sty
Package: kvdefinekeys 2019-12-19 v1.6 Define keys (HO)
) (/usr/local/texlive/2025/texmf-dist/tex/generic/pdfescape/pdfescape.sty
Package: pdfescape 2019/12/09 v1.15 Implements pdfTeX's escape features (HO)
 (/usr/local/texlive/2025/texmf-dist/tex/generic/ltxcmds/ltxcmds.sty
Package: ltxcmds 2023-12-04 v1.26 LaTeX kernel commands for general use (HO)
) (/usr/local/texlive/2025/texmf-dist/tex/generic/pdftexcmds/pdftexcmds.sty
Package: pdftexcmds 2020-06-27 v0.33 Utility functions of pdfTeX for LuaTeX (HO)
 (/usr/local/texlive/2025/texmf-dist/tex/generic/infwarerr/infwarerr.sty
Package: infwarerr 2019/12/03 v1.5 Providing info/warning/error messages (HO)
)
Package pdftexcmds Info: \pdf@primitive is available.
Package pdftexcmds Info: \pdf@ifprimitive is available.
Package pdftexcmds Info: \pdfdraftmode found.
)) (/usr/local/texlive/2025/texmf-dist/tex/latex/hycolor/hycolor.sty
Package: hycolor 2020-01-27 v1.10 Color options for hyperref/bookmark (HO)
) (/usr/local/texlive/2025/texmf-dist/tex/latex/hyperref/nameref.sty
Package: nameref 2023-11-26 v2.56 Cross-referencing by name of section
 (/usr/local/texlive/2025/texmf-dist/tex/latex/refcount/refcount.sty
Package: refcount 2019/12/15 v3.6 Data extraction from label references (HO)
) (/usr/local/texlive/2025/texmf-dist/tex/generic/gettitlestring/gettitlestring.sty
Package: gettitlestring 2019/12/15 v1.6 Cleanup title references (HO)
 (/usr/local/texlive/2025/texmf-dist/tex/latex/kvoptions/kvoptions.sty
Package: kvoptions 2022-06-15 v3.15 Key value format for package options (HO)
))
\c@section@level=\count304
) (/usr/local/texlive/2025/texmf-dist/tex/latex/etoolbox/etoolbox.sty
Package: etoolbox 2025/02/11 v2.5l e-TeX tools for LaTeX (JAW)
\etb@tempcnta=\count305
) (/usr/local/texlive/2025/texmf-dist/tex/generic/stringenc/stringenc.sty
Package: stringenc 2019/11/29 v1.12 Convert strings between diff. encodings (HO)
)
\@linkdim=\dimen188
\Hy@linkcounter=\count306
\Hy@pagecounter=\count307
 (/usr/local/texlive/2025/texmf-dist/tex/latex/hyperref/pd1enc.def
File: pd1enc.def 2024-11-05 v7.01l Hyperref: PDFDocEncoding definition (HO)
Now handling font encoding PD1 ...
... no UTF-8 mapping file for font encoding PD1
) (/usr/local/texlive/2025/texmf-dist/tex/generic/intcalc/intcalc.sty
Package: intcalc 2019/12/15 v1.3 Expandable calculations with integers (HO)
)
\Hy@SavedSpaceFactor=\count308
 (/usr/local/texlive/2025/texmf-dist/tex/latex/hyperref/puenc.def
File: puenc.def 2024-11-05 v7.01l Hyperref: PDF Unicode definition (HO)
Now handling font encoding PU ...
... no UTF-8 mapping file for font encoding PU
)
Package hyperref Info: Hyper figures OFF on input line 4157.
Package hyperref Info: Link nesting OFF on input line 4162.
Package hyperref Info: Hyper index ON on input line 4165.
Package hyperref Info: Plain pages OFF on input line 4172.
Package hyperref Info: Backreferencing OFF on input line 4177.
Package hyperref Info: Implicit mode ON; LaTeX internals redefined.
Package hyperref Info: Bookmarks ON on input line 4424.
\c@Hy@tempcnt=\count309
 (/usr/local/texlive/2025/texmf-dist/tex/latex/url/url.sty
\Urlmuskip=\muskip18
Package: url 2013/09/16  ver 3.4  Verb mode for urls, etc.
)
LaTeX Info: Redefining \url on input line 4763.
\XeTeXLinkMargin=\dimen189
 (/usr/local/texlive/2025/texmf-dist/tex/generic/bitset/bitset.sty
Package: bitset 2019/12/09 v1.3 Handle bit-vector datatype (HO)
 (/usr/local/texlive/2025/texmf-dist/tex/generic/bigintcalc/bigintcalc.sty
Package: bigintcalc 2019/12/15 v1.5 Expandable calculations on big integers (HO)
))
\Fld@menulength=\count310
\Field@Width=\dimen190
\Fld@charsize=\dimen191
Package hyperref Info: Hyper figures OFF on input line 6042.
Package hyperref Info: Link nesting OFF on input line 6047.
Package hyperref Info: Hyper index ON on input line 6050.
Package hyperref Info: backreferencing OFF on input line 6057.
Package hyperref Info: Link coloring OFF on input line 6062.
Package hyperref Info: Link coloring with OCG OFF on input line 6067.
Package hyperref Info: PDF/A mode OFF on input line 6072.
 (/usr/local/texlive/2025/texmf-dist/tex/latex/base/atbegshi-ltx.sty
Package: atbegshi-ltx 2021/01/10 v1.0c Emulation of the original atbegshi
package with kernel methods
)
\Hy@abspage=\count311
\c@Item=\count312
\c@Hfootnote=\count313
)
Package hyperref Info: Driver (autodetected): hpdftex.
 (/usr/local/texlive/2025/texmf-dist/tex/latex/hyperref/hpdftex.def
File: hpdftex.def 2024-11-05 v7.01l Hyperref driver for pdfTeX
 (/usr/local/texlive/2025/texmf-dist/tex/latex/base/atveryend-ltx.sty
Package: atveryend-ltx 2020/08/19 v1.0a Emulation of the original atveryend package
with kernel methods
)
\Fld@listcount=\count314
\c@bookmark@seq@number=\count315
 (/usr/local/texlive/2025/texmf-dist/tex/latex/rerunfilecheck/rerunfilecheck.sty
Package: rerunfilecheck 2022-07-10 v1.10 Rerun checks for auxiliary files (HO)
 (/usr/local/texlive/2025/texmf-dist/tex/generic/uniquecounter/uniquecounter.sty
Package: uniquecounter 2019/12/15 v1.4 Provide unlimited unique counter (HO)
)
Package uniquecounter Info: New unique counter `rerunfilecheck' on input line 285.
)
\Hy@SectionHShift=\skip57
) (/usr/local/texlive/2025/texmf-dist/tex/latex/algorithms/algorithm.sty
Package: algorithm 2009/08/24 v0.1 Document Style `algorithm' - floating environment
 (/usr/local/texlive/2025/texmf-dist/tex/latex/float/float.sty
Package: float 2001/11/08 v1.3d Float enhancements (AL)
\c@float@type=\count316
\float@exts=\toks26
\float@box=\box58
\@float@everytoks=\toks27
\@floatcapt=\box59
)
\@float@every@algorithm=\toks28
\c@algorithm=\count317
) (/usr/local/texlive/2025/texmf-dist/tex/latex/natbib/natbib.sty
Package: natbib 2010/09/13 8.31b (PWD, AO)


Package natbib Warning: The `cite' package should not be used
(natbib)                with natbib. Use option `sort' instead.

\bibhang=\skip58
\bibsep=\skip59
LaTeX Info: Redefining \cite on input line 694.
LaTeX Info: Redefining \citenum on input line 708.
\c@NAT@ctr=\count318
) (/usr/local/texlive/2025/texmf-dist/tex/latex/algorithmicx/algpseudocode.sty
Package: algpseudocode 
 (/usr/local/texlive/2025/texmf-dist/tex/latex/algorithmicx/algorithmicx.sty
Package: algorithmicx 2005/04/27 v1.2 Algorithmicx

Document Style algorithmicx 1.2 - a greatly improved `algorithmic' style
\c@ALG@line=\count319
\c@ALG@rem=\count320
\c@ALG@nested=\count321
\ALG@tlm=\skip60
\ALG@thistlm=\skip61
\c@ALG@Lnr=\count322
\c@ALG@blocknr=\count323
\c@ALG@storecount=\count324
\c@ALG@tmpcounter=\count325
\ALG@tmplength=\skip62

/usr/local/texlive/2025/texmf-dist/tex/latex/algorithmicx/algorithmicx.sty:112: LaTeX Error: Command \algorithmic already defined.
               Or name \end... illegal, see p.192 of the manual.

See the LaTeX manual or LaTeX Companion for explanation.
Type  H <return>  for immediate help.
 ...                                              
                                                  
l.112    }
          %
Your command was ignored.
Type  I <command> <return>  to replace it with another command,
or  <return>  to continue without it.

)
Document Style - pseudocode environments for use with the `algorithmicx' style
) (/usr/local/texlive/2025/texmf-dist/tex/latex/pgf/frontendlayer/tikz.sty (/usr/local/texlive/2025/texmf-dist/tex/latex/pgf/basiclayer/pgf.sty (/usr/local/texlive/2025/texmf-dist/tex/latex/pgf/utilities/pgfrcs.sty (/usr/local/texlive/2025/texmf-dist/tex/generic/pgf/utilities/pgfutil-common.tex
\pgfutil@everybye=\toks29
\pgfutil@tempdima=\dimen192
\pgfutil@tempdimb=\dimen193
) (/usr/local/texlive/2025/texmf-dist/tex/generic/pgf/utilities/pgfutil-latex.def
\pgfutil@abb=\box60
) (/usr/local/texlive/2025/texmf-dist/tex/generic/pgf/utilities/pgfrcs.code.tex (/usr/local/texlive/2025/texmf-dist/tex/generic/pgf/pgf.revision.tex)
Package: pgfrcs 2023-01-15 v3.1.10 (3.1.10)
))
Package: pgf 2023-01-15 v3.1.10 (3.1.10)
 (/usr/local/texlive/2025/texmf-dist/tex/latex/pgf/basiclayer/pgfcore.sty (/usr/local/texlive/2025/texmf-dist/tex/latex/pgf/systemlayer/pgfsys.sty (/usr/local/texlive/2025/texmf-dist/tex/generic/pgf/systemlayer/pgfsys.code.tex
Package: pgfsys 2023-01-15 v3.1.10 (3.1.10)
 (/usr/local/texlive/2025/texmf-dist/tex/generic/pgf/utilities/pgfkeys.code.tex
\pgfkeys@pathtoks=\toks30
\pgfkeys@temptoks=\toks31
 (/usr/local/texlive/2025/texmf-dist/tex/generic/pgf/utilities/pgfkeyslibraryfiltered.code.tex
\pgfkeys@tmptoks=\toks32
))
\pgf@x=\dimen194
\pgf@y=\dimen195
\pgf@xa=\dimen196
\pgf@ya=\dimen197
\pgf@xb=\dimen198
\pgf@yb=\dimen199
\pgf@xc=\dimen256
\pgf@yc=\dimen257
\pgf@xd=\dimen258
\pgf@yd=\dimen259
\w@pgf@writea=\write3
\r@pgf@reada=\read2
\c@pgf@counta=\count326
\c@pgf@countb=\count327
\c@pgf@countc=\count328
\c@pgf@countd=\count329
\t@pgf@toka=\toks33
\t@pgf@tokb=\toks34
\t@pgf@tokc=\toks35
\pgf@sys@id@count=\count330
 (/usr/local/texlive/2025/texmf-dist/tex/generic/pgf/systemlayer/pgf.cfg
File: pgf.cfg 2023-01-15 v3.1.10 (3.1.10)
)
Driver file for pgf: pgfsys-pdftex.def
 (/usr/local/texlive/2025/texmf-dist/tex/generic/pgf/systemlayer/pgfsys-pdftex.def
File: pgfsys-pdftex.def 2023-01-15 v3.1.10 (3.1.10)
 (/usr/local/texlive/2025/texmf-dist/tex/generic/pgf/systemlayer/pgfsys-common-pdf.def
File: pgfsys-common-pdf.def 2023-01-15 v3.1.10 (3.1.10)
))) (/usr/local/texlive/2025/texmf-dist/tex/generic/pgf/systemlayer/pgfsyssoftpath.code.tex
File: pgfsyssoftpath.code.tex 2023-01-15 v3.1.10 (3.1.10)
\pgfsyssoftpath@smallbuffer@items=\count331
\pgfsyssoftpath@bigbuffer@items=\count332
) (/usr/local/texlive/2025/texmf-dist/tex/generic/pgf/systemlayer/pgfsysprotocol.code.tex
File: pgfsysprotocol.code.tex 2023-01-15 v3.1.10 (3.1.10)
)) (/usr/local/texlive/2025/texmf-dist/tex/generic/pgf/basiclayer/pgfcore.code.tex
Package: pgfcore 2023-01-15 v3.1.10 (3.1.10)
 (/usr/local/texlive/2025/texmf-dist/tex/generic/pgf/math/pgfmath.code.tex (/usr/local/texlive/2025/texmf-dist/tex/generic/pgf/math/pgfmathutil.code.tex) (/usr/local/texlive/2025/texmf-dist/tex/generic/pgf/math/pgfmathparser.code.tex
\pgfmath@dimen=\dimen260
\pgfmath@count=\count333
\pgfmath@box=\box61
\pgfmath@toks=\toks36
\pgfmath@stack@operand=\toks37
\pgfmath@stack@operation=\toks38
) (/usr/local/texlive/2025/texmf-dist/tex/generic/pgf/math/pgfmathfunctions.code.tex) (/usr/local/texlive/2025/texmf-dist/tex/generic/pgf/math/pgfmathfunctions.basic.code.tex) (/usr/local/texlive/2025/texmf-dist/tex/generic/pgf/math/pgfmathfunctions.trigonometric.code.tex) (/usr/local/texlive/2025/texmf-dist/tex/generic/pgf/math/pgfmathfunctions.random.code.tex) (/usr/local/texlive/2025/texmf-dist/tex/generic/pgf/math/pgfmathfunctions.comparison.code.tex) (/usr/local/texlive/2025/texmf-dist/tex/generic/pgf/math/pgfmathfunctions.base.code.tex) (/usr/local/texlive/2025/texmf-dist/tex/generic/pgf/math/pgfmathfunctions.round.code.tex) (/usr/local/texlive/2025/texmf-dist/tex/generic/pgf/math/pgfmathfunctions.misc.code.tex) (/usr/local/texlive/2025/texmf-dist/tex/generic/pgf/math/pgfmathfunctions.integerarithmetics.code.tex) (/usr/local/texlive/2025/texmf-dist/tex/generic/pgf/math/pgfmathcalc.code.tex) (/usr/local/texlive/2025/texmf-dist/tex/generic/pgf/math/pgfmathfloat.code.tex
\c@pgfmathroundto@lastzeros=\count334
)) (/usr/local/texlive/2025/texmf-dist/tex/generic/pgf/math/pgfint.code.tex) (/usr/local/texlive/2025/texmf-dist/tex/generic/pgf/basiclayer/pgfcorepoints.code.tex
File: pgfcorepoints.code.tex 2023-01-15 v3.1.10 (3.1.10)
\pgf@picminx=\dimen261
\pgf@picmaxx=\dimen262
\pgf@picminy=\dimen263
\pgf@picmaxy=\dimen264
\pgf@pathminx=\dimen265
\pgf@pathmaxx=\dimen266
\pgf@pathminy=\dimen267
\pgf@pathmaxy=\dimen268
\pgf@xx=\dimen269
\pgf@xy=\dimen270
\pgf@yx=\dimen271
\pgf@yy=\dimen272
\pgf@zx=\dimen273
\pgf@zy=\dimen274
) (/usr/local/texlive/2025/texmf-dist/tex/generic/pgf/basiclayer/pgfcorepathconstruct.code.tex
File: pgfcorepathconstruct.code.tex 2023-01-15 v3.1.10 (3.1.10)
\pgf@path@lastx=\dimen275
\pgf@path@lasty=\dimen276
) (/usr/local/texlive/2025/texmf-dist/tex/generic/pgf/basiclayer/pgfcorepathusage.code.tex
File: pgfcorepathusage.code.tex 2023-01-15 v3.1.10 (3.1.10)
\pgf@shorten@end@additional=\dimen277
\pgf@shorten@start@additional=\dimen278
) (/usr/local/texlive/2025/texmf-dist/tex/generic/pgf/basiclayer/pgfcorescopes.code.tex
File: pgfcorescopes.code.tex 2023-01-15 v3.1.10 (3.1.10)
\pgfpic=\box62
\pgf@hbox=\box63
\pgf@layerbox@main=\box64
\pgf@picture@serial@count=\count335
) (/usr/local/texlive/2025/texmf-dist/tex/generic/pgf/basiclayer/pgfcoregraphicstate.code.tex
File: pgfcoregraphicstate.code.tex 2023-01-15 v3.1.10 (3.1.10)
\pgflinewidth=\dimen279
) (/usr/local/texlive/2025/texmf-dist/tex/generic/pgf/basiclayer/pgfcoretransformations.code.tex
File: pgfcoretransformations.code.tex 2023-01-15 v3.1.10 (3.1.10)
\pgf@pt@x=\dimen280
\pgf@pt@y=\dimen281
\pgf@pt@temp=\dimen282
) (/usr/local/texlive/2025/texmf-dist/tex/generic/pgf/basiclayer/pgfcorequick.code.tex
File: pgfcorequick.code.tex 2023-01-15 v3.1.10 (3.1.10)
) (/usr/local/texlive/2025/texmf-dist/tex/generic/pgf/basiclayer/pgfcoreobjects.code.tex
File: pgfcoreobjects.code.tex 2023-01-15 v3.1.10 (3.1.10)
) (/usr/local/texlive/2025/texmf-dist/tex/generic/pgf/basiclayer/pgfcorepathprocessing.code.tex
File: pgfcorepathprocessing.code.tex 2023-01-15 v3.1.10 (3.1.10)
) (/usr/local/texlive/2025/texmf-dist/tex/generic/pgf/basiclayer/pgfcorearrows.code.tex
File: pgfcorearrows.code.tex 2023-01-15 v3.1.10 (3.1.10)
\pgfarrowsep=\dimen283
) (/usr/local/texlive/2025/texmf-dist/tex/generic/pgf/basiclayer/pgfcoreshade.code.tex
File: pgfcoreshade.code.tex 2023-01-15 v3.1.10 (3.1.10)
\pgf@max=\dimen284
\pgf@sys@shading@range@num=\count336
\pgf@shadingcount=\count337
) (/usr/local/texlive/2025/texmf-dist/tex/generic/pgf/basiclayer/pgfcoreimage.code.tex
File: pgfcoreimage.code.tex 2023-01-15 v3.1.10 (3.1.10)
) (/usr/local/texlive/2025/texmf-dist/tex/generic/pgf/basiclayer/pgfcoreexternal.code.tex
File: pgfcoreexternal.code.tex 2023-01-15 v3.1.10 (3.1.10)
\pgfexternal@startupbox=\box65
) (/usr/local/texlive/2025/texmf-dist/tex/generic/pgf/basiclayer/pgfcorelayers.code.tex
File: pgfcorelayers.code.tex 2023-01-15 v3.1.10 (3.1.10)
) (/usr/local/texlive/2025/texmf-dist/tex/generic/pgf/basiclayer/pgfcoretransparency.code.tex
File: pgfcoretransparency.code.tex 2023-01-15 v3.1.10 (3.1.10)
) (/usr/local/texlive/2025/texmf-dist/tex/generic/pgf/basiclayer/pgfcorepatterns.code.tex
File: pgfcorepatterns.code.tex 2023-01-15 v3.1.10 (3.1.10)
) (/usr/local/texlive/2025/texmf-dist/tex/generic/pgf/basiclayer/pgfcorerdf.code.tex
File: pgfcorerdf.code.tex 2023-01-15 v3.1.10 (3.1.10)
))) (/usr/local/texlive/2025/texmf-dist/tex/generic/pgf/modules/pgfmoduleshapes.code.tex
File: pgfmoduleshapes.code.tex 2023-01-15 v3.1.10 (3.1.10)
\pgfnodeparttextbox=\box66
) (/usr/local/texlive/2025/texmf-dist/tex/generic/pgf/modules/pgfmoduleplot.code.tex
File: pgfmoduleplot.code.tex 2023-01-15 v3.1.10 (3.1.10)
) (/usr/local/texlive/2025/texmf-dist/tex/latex/pgf/compatibility/pgfcomp-version-0-65.sty
Package: pgfcomp-version-0-65 2023-01-15 v3.1.10 (3.1.10)
\pgf@nodesepstart=\dimen285
\pgf@nodesepend=\dimen286
) (/usr/local/texlive/2025/texmf-dist/tex/latex/pgf/compatibility/pgfcomp-version-1-18.sty
Package: pgfcomp-version-1-18 2023-01-15 v3.1.10 (3.1.10)
)) (/usr/local/texlive/2025/texmf-dist/tex/latex/pgf/utilities/pgffor.sty (/usr/local/texlive/2025/texmf-dist/tex/latex/pgf/utilities/pgfkeys.sty (/usr/local/texlive/2025/texmf-dist/tex/generic/pgf/utilities/pgfkeys.code.tex)) (/usr/local/texlive/2025/texmf-dist/tex/latex/pgf/math/pgfmath.sty (/usr/local/texlive/2025/texmf-dist/tex/generic/pgf/math/pgfmath.code.tex)) (/usr/local/texlive/2025/texmf-dist/tex/generic/pgf/utilities/pgffor.code.tex
Package: pgffor 2023-01-15 v3.1.10 (3.1.10)
\pgffor@iter=\dimen287
\pgffor@skip=\dimen288
\pgffor@stack=\toks39
\pgffor@toks=\toks40
)) (/usr/local/texlive/2025/texmf-dist/tex/generic/pgf/frontendlayer/tikz/tikz.code.tex
Package: tikz 2023-01-15 v3.1.10 (3.1.10)
 (/usr/local/texlive/2025/texmf-dist/tex/generic/pgf/libraries/pgflibraryplothandlers.code.tex
File: pgflibraryplothandlers.code.tex 2023-01-15 v3.1.10 (3.1.10)
\pgf@plot@mark@count=\count338
\pgfplotmarksize=\dimen289
)
\tikz@lastx=\dimen290
\tikz@lasty=\dimen291
\tikz@lastxsaved=\dimen292
\tikz@lastysaved=\dimen293
\tikz@lastmovetox=\dimen294
\tikz@lastmovetoy=\dimen295
\tikzleveldistance=\dimen296
\tikzsiblingdistance=\dimen297
\tikz@figbox=\box67
\tikz@figbox@bg=\box68
\tikz@tempbox=\box69
\tikz@tempbox@bg=\box70
\tikztreelevel=\count339
\tikznumberofchildren=\count340
\tikznumberofcurrentchild=\count341
\tikz@fig@count=\count342
 (/usr/local/texlive/2025/texmf-dist/tex/generic/pgf/modules/pgfmodulematrix.code.tex
File: pgfmodulematrix.code.tex 2023-01-15 v3.1.10 (3.1.10)
\pgfmatrixcurrentrow=\count343
\pgfmatrixcurrentcolumn=\count344
\pgf@matrix@numberofcolumns=\count345
)
\tikz@expandcount=\count346
 (/usr/local/texlive/2025/texmf-dist/tex/generic/pgf/frontendlayer/tikz/libraries/tikzlibrarytopaths.code.tex
File: tikzlibrarytopaths.code.tex 2023-01-15 v3.1.10 (3.1.10)
))) (/usr/local/texlive/2025/texmf-dist/tex/latex/pgfplots/pgfplots.sty (/usr/local/texlive/2025/texmf-dist/tex/generic/pgfplots/pgfplots.revision.tex)
Package: pgfplots 2021/05/15 v1.18.1 Data Visualization (1.18.1)
 (/usr/local/texlive/2025/texmf-dist/tex/generic/pgfplots/pgfplots.code.tex (/usr/local/texlive/2025/texmf-dist/tex/generic/pgfplots/pgfplotscore.code.tex
\t@pgfplots@toka=\toks41
\t@pgfplots@tokb=\toks42
\t@pgfplots@tokc=\toks43
\pgfplots@tmpa=\dimen298
\c@pgfplots@coordindex=\count347
\c@pgfplots@scanlineindex=\count348
 (/usr/local/texlive/2025/texmf-dist/tex/generic/pgfplots/sys/pgfplotssysgeneric.code.tex)) (/usr/local/texlive/2025/texmf-dist/tex/generic/pgfplots/libs/pgfplotslibrary.code.tex) (/usr/local/texlive/2025/texmf-dist/tex/generic/pgfplots/oldpgfcompatib/pgfplotsoldpgfsupp_loader.code.tex (/usr/local/texlive/2025/texmf-dist/tex/generic/pgf/libraries/pgflibraryfpu.code.tex)
Package pgfplots: loading complementary utilities for your pgf version...
\t@pgf@toka=\toks44
\t@pgf@tokb=\toks45
\t@pgf@tokc=\toks46
(/usr/local/texlive/2025/texmf-dist/tex/generic/pgfplots/oldpgfcompatib/pgfplotsoldpgfsupp_pgfutil-common-lists.tex)) (/usr/local/texlive/2025/texmf-dist/tex/generic/pgfplots/util/pgfplotsutil.code.tex (/usr/local/texlive/2025/texmf-dist/tex/generic/pgfplots/liststructure/pgfplotsliststructure.code.tex) (/usr/local/texlive/2025/texmf-dist/tex/generic/pgfplots/liststructure/pgfplotsliststructureext.code.tex) (/usr/local/texlive/2025/texmf-dist/tex/generic/pgfplots/liststructure/pgfplotsarray.code.tex
\c@pgfplotsarray@tmp=\count349
) (/usr/local/texlive/2025/texmf-dist/tex/generic/pgfplots/liststructure/pgfplotsmatrix.code.tex) (/usr/local/texlive/2025/texmf-dist/tex/generic/pgfplots/numtable/pgfplotstableshared.code.tex
\c@pgfplotstable@counta=\count350
\t@pgfplotstable@a=\toks47
) (/usr/local/texlive/2025/texmf-dist/tex/generic/pgfplots/liststructure/pgfplotsdeque.code.tex) (/usr/local/texlive/2025/texmf-dist/tex/generic/pgfplots/util/pgfplotsbinary.code.tex (/usr/local/texlive/2025/texmf-dist/tex/generic/pgfplots/util/pgfplotsbinary.data.code.tex)) (/usr/local/texlive/2025/texmf-dist/tex/generic/pgfplots/util/pgfplotsutil.verb.code.tex) (/usr/local/texlive/2025/texmf-dist/tex/generic/pgfplots/libs/pgflibrarypgfplots.surfshading.code.tex
\c@pgfplotslibrarysurf@no=\count351
 (/usr/local/texlive/2025/texmf-dist/tex/generic/pgfplots/sys/pgflibrarypgfplots.surfshading.pgfsys-pdftex.def))) (/usr/local/texlive/2025/texmf-dist/tex/generic/pgfplots/util/pgfplotscolormap.code.tex (/usr/local/texlive/2025/texmf-dist/tex/generic/pgfplots/util/pgfplotscolor.code.tex)) (/usr/local/texlive/2025/texmf-dist/tex/generic/pgfplots/pgfplotsstackedplots.code.tex) (/usr/local/texlive/2025/texmf-dist/tex/generic/pgfplots/pgfplotsplothandlers.code.tex (/usr/local/texlive/2025/texmf-dist/tex/generic/pgfplots/pgfplotsmeshplothandler.code.tex (/usr/local/texlive/2025/texmf-dist/tex/generic/pgfplots/pgfplotsmeshplotimage.code.tex))) (/usr/local/texlive/2025/texmf-dist/tex/generic/pgfplots/pgfplots.scaling.code.tex) (/usr/local/texlive/2025/texmf-dist/tex/generic/pgfplots/pgfplotscoordprocessing.code.tex) (/usr/local/texlive/2025/texmf-dist/tex/generic/pgfplots/pgfplots.errorbars.code.tex) (/usr/local/texlive/2025/texmf-dist/tex/generic/pgfplots/pgfplots.markers.code.tex) (/usr/local/texlive/2025/texmf-dist/tex/generic/pgfplots/pgfplotsticks.code.tex) (/usr/local/texlive/2025/texmf-dist/tex/generic/pgfplots/pgfplots.paths.code.tex) (/usr/local/texlive/2025/texmf-dist/tex/generic/pgf/frontendlayer/tikz/libraries/tikzlibrarydecorations.code.tex (/usr/local/texlive/2025/texmf-dist/tex/generic/pgf/modules/pgfmoduledecorations.code.tex
\pgfdecoratedcompleteddistance=\dimen299
\pgfdecoratedremainingdistance=\dimen300
\pgfdecoratedinputsegmentcompleteddistance=\dimen301
\pgfdecoratedinputsegmentremainingdistance=\dimen302
\pgf@decorate@distancetomove=\dimen303
\pgf@decorate@repeatstate=\count352
\pgfdecorationsegmentamplitude=\dimen304
\pgfdecorationsegmentlength=\dimen305
)
\tikz@lib@dec@box=\box71
) (/usr/local/texlive/2025/texmf-dist/tex/generic/pgf/frontendlayer/tikz/libraries/tikzlibrarydecorations.pathmorphing.code.tex (/usr/local/texlive/2025/texmf-dist/tex/generic/pgf/libraries/decorations/pgflibrarydecorations.pathmorphing.code.tex)) (/usr/local/texlive/2025/texmf-dist/tex/generic/pgf/frontendlayer/tikz/libraries/tikzlibrarydecorations.pathreplacing.code.tex (/usr/local/texlive/2025/texmf-dist/tex/generic/pgf/libraries/decorations/pgflibrarydecorations.pathreplacing.code.tex)) (/usr/local/texlive/2025/texmf-dist/tex/generic/pgfplots/libs/tikzlibrarypgfplots.contourlua.code.tex)
\pgfplots@numplots=\count353
\pgfplots@xmin@reg=\dimen306
\pgfplots@xmax@reg=\dimen307
\pgfplots@ymin@reg=\dimen308
\pgfplots@ymax@reg=\dimen309
\pgfplots@zmin@reg=\dimen310
\pgfplots@zmax@reg=\dimen311
) (/usr/local/texlive/2025/texmf-dist/tex/generic/pgf/frontendlayer/tikz/libraries/tikzlibraryplotmarks.code.tex
File: tikzlibraryplotmarks.code.tex 2023-01-15 v3.1.10 (3.1.10)
 (/usr/local/texlive/2025/texmf-dist/tex/generic/pgf/libraries/pgflibraryplotmarks.code.tex
File: pgflibraryplotmarks.code.tex 2023-01-15 v3.1.10 (3.1.10)
))) (/usr/local/texlive/2025/texmf-dist/tex/latex/booktabs/booktabs.sty
Package: booktabs 2020/01/12 v1.61803398 Publication quality tables
\heavyrulewidth=\dimen312
\lightrulewidth=\dimen313
\cmidrulewidth=\dimen314
\belowrulesep=\dimen315
\belowbottomsep=\dimen316
\aboverulesep=\dimen317
\abovetopsep=\dimen318
\cmidrulesep=\dimen319
\cmidrulekern=\dimen320
\defaultaddspace=\dimen321
\@cmidla=\count354
\@cmidlb=\count355
\@aboverulesep=\dimen322
\@belowrulesep=\dimen323
\@thisruleclass=\count356
\@lastruleclass=\count357
\@thisrulewidth=\dimen324
) (/usr/local/texlive/2025/texmf-dist/tex/latex/tools/multicol.sty
Package: multicol 2024/09/14 v1.9i multicolumn formatting (FMi)
\c@tracingmulticols=\count358
\mult@box=\box72
\multicol@leftmargin=\dimen325
\c@unbalance=\count359
\c@collectmore=\count360
\doublecol@number=\count361
\multicoltolerance=\count362
\multicolpretolerance=\count363
\full@width=\dimen326
\page@free=\dimen327
\premulticols=\dimen328
\postmulticols=\dimen329
\multicolsep=\skip63
\multicolbaselineskip=\skip64
\partial@page=\box73
\last@line=\box74
\mc@boxedresult=\box75
\maxbalancingoverflow=\dimen330
\mult@rightbox=\box76
\mult@grightbox=\box77
\mult@firstbox=\box78
\mult@gfirstbox=\box79
\@tempa=\box80
\@tempa=\box81
\@tempa=\box82
\@tempa=\box83
\@tempa=\box84
\@tempa=\box85
\@tempa=\box86
\@tempa=\box87
\@tempa=\box88
\@tempa=\box89
\@tempa=\box90
\@tempa=\box91
\@tempa=\box92
\@tempa=\box93
\@tempa=\box94
\@tempa=\box95
\@tempa=\box96
\@tempa=\box97
\@tempa=\box98
\@tempa=\box99
\@tempa=\box100
\@tempa=\box101
\@tempa=\box102
\@tempa=\box103
\@tempa=\box104
\@tempa=\box105
\@tempa=\box106
\@tempa=\box107
\@tempa=\box108
\@tempa=\box109
\@tempa=\box110
\@tempa=\box111
\@tempa=\box112
\@tempa=\box113
\@tempa=\box114
\@tempa=\box115
\c@minrows=\count364
\c@columnbadness=\count365
\c@finalcolumnbadness=\count366
\last@try=\dimen331
\multicolovershoot=\dimen332
\multicolundershoot=\dimen333
\mult@nat@firstbox=\box116
\colbreak@box=\box117
\mc@col@check@num=\count367
) (/usr/local/texlive/2025/texmf-dist/tex/latex/l3backend/l3backend-pdftex.def
File: l3backend-pdftex.def 2024-05-08 L3 backend support: PDF output (pdfTeX)
\l__color_backend_stack_int=\count368
\l__pdf_internal_box=\box118
) (./DiversifiedLeverageReport_Fixed.aux)
\openout1 = `DiversifiedLeverageReport_Fixed.aux'.

LaTeX Font Info:    Checking defaults for OML/cmm/m/it on input line 32.
LaTeX Font Info:    ... okay on input line 32.
LaTeX Font Info:    Checking defaults for OMS/cmsy/m/n on input line 32.
LaTeX Font Info:    ... okay on input line 32.
LaTeX Font Info:    Checking defaults for OT1/cmr/m/n on input line 32.
LaTeX Font Info:    ... okay on input line 32.
LaTeX Font Info:    Checking defaults for T1/cmr/m/n on input line 32.
LaTeX Font Info:    ... okay on input line 32.
LaTeX Font Info:    Checking defaults for TS1/cmr/m/n on input line 32.
LaTeX Font Info:    ... okay on input line 32.
LaTeX Font Info:    Checking defaults for OMX/cmex/m/n on input line 32.
LaTeX Font Info:    ... okay on input line 32.
LaTeX Font Info:    Checking defaults for U/cmr/m/n on input line 32.
LaTeX Font Info:    ... okay on input line 32.
LaTeX Font Info:    Checking defaults for PD1/pdf/m/n on input line 32.
LaTeX Font Info:    ... okay on input line 32.
LaTeX Font Info:    Checking defaults for PU/pdf/m/n on input line 32.
LaTeX Font Info:    ... okay on input line 32.

-- Lines per column: 41 (approximate, difference = 7.70805pt).
(/usr/local/texlive/2025/texmf-dist/tex/context/base/mkii/supp-pdf.mkii
[Loading MPS to PDF converter (version 2006.09.02).]
\scratchcounter=\count369
\scratchdimen=\dimen334
\scratchbox=\box119
\nofMPsegments=\count370
\nofMParguments=\count371
\everyMPshowfont=\toks48
\MPscratchCnt=\count372
\MPscratchDim=\dimen335
\MPnumerator=\count373
\makeMPintoPDFobject=\count374
\everyMPtoPDFconversion=\toks49
) (/usr/local/texlive/2025/texmf-dist/tex/latex/epstopdf-pkg/epstopdf-base.sty
Package: epstopdf-base 2020-01-24 v2.11 Base part for package epstopdf
Package epstopdf-base Info: Redefining graphics rule for `.eps' on input line 485.
 (/usr/local/texlive/2025/texmf-dist/tex/latex/latexconfig/epstopdf-sys.cfg
File: epstopdf-sys.cfg 2010/07/13 v1.3 Configuration of (r)epstopdf for TeX Live
))
*geometry* driver: auto-detecting
*geometry* detected driver: pdftex
*geometry* verbose mode - [ preamble ] result:
* driver: pdftex
* paper: <default>
* layout: <same size as paper>
* layoutoffset:(h,v)=(0.0pt,0.0pt)
* modes: 
* h-part:(L,W,R)=(92.14519pt, 430.00462pt, 92.14519pt)
* v-part:(T,H,B)=(95.39737pt, 556.47656pt, 143.09605pt)
* \paperwidth=614.295pt
* \paperheight=794.96999pt
* \textwidth=430.00462pt
* \textheight=556.47656pt
* \oddsidemargin=19.8752pt
* \evensidemargin=19.8752pt
* \topmargin=-9.16425pt
* \headheight=12.0pt
* \headsep=20.29163pt
* \topskip=13.3846pt
* \footskip=26.50026pt
* \marginparwidth=20.0pt
* \marginparsep=10.0pt
* \columnsep=12.0pt
* \skip\footins=12.04605pt plus 5.35374pt minus 2.67686pt
* \hoffset=0.0pt
* \voffset=0.0pt
* \mag=1000
* \@twocolumntrue
* \@twosidefalse
* \@mparswitchfalse
* \@reversemarginfalse
* (1in=72.27pt=25.4mm, 1cm=28.453pt)

\c@lstlisting=\count375
Package hyperref Info: Link coloring OFF on input line 32.
\@outlinefile=\write4
\openout4 = `DiversifiedLeverageReport_Fixed.out'.

Package pgfplots notification 'compat/show suggested version=true': document has been generated with the most recent feature set (\pgfplotsset{compat=1.18}).


Overfull \hbox (8.04424pt too wide) in paragraph at lines 44--45
[]\OT1/ptm/m/n/11 Leveraged Exchange-
 []


Underfull \hbox (badness 10000) in paragraph at lines 44--45
\OT1/ptm/m/n/11 po-sure to un-der-ly-
 []


Underfull \hbox (badness 10000) in paragraph at lines 44--45
\OT1/ptm/m/n/11 ing as-sets through
 []


Underfull \hbox (badness 10000) in paragraph at lines 44--45
\OT1/ptm/m/n/11 fi-nan-cial deriva-tives
 []


Underfull \hbox (badness 10000) in paragraph at lines 44--45
\OT1/ptm/m/n/11 duce com-pound-ing
 []


Underfull \hbox (badness 10000) in paragraph at lines 44--45
\OT1/ptm/m/n/11 de-cay that re-quire
 []

LaTeX Font Info:    Calculating math sizes for size <11> on input line 49.
LaTeX Font Info:    Trying to load font information for U+msa on input line 49.
(/usr/local/texlive/2025/texmf-dist/tex/latex/amsfonts/umsa.fd
File: umsa.fd 2013/01/14 v3.01 AMS symbols A
)
LaTeX Font Info:    Trying to load font information for U+msb on input line 49.
 (/usr/local/texlive/2025/texmf-dist/tex/latex/amsfonts/umsb.fd
File: umsb.fd 2013/01/14 v3.01 AMS symbols B
)
/Users/misango/codechest/LeanBacktester/arithmax-strategies/csharp_Algorithms/DiversifiedLeverage/Research_paper/DiversifiedLeverageReport_Fixed.tex:50: Undefined control sequence.
l.50 \mathbf{w}_t = \argmin
                           _{\mathbf{w}} \left[ \mathbf{w}^T \boldsymbol{\Si...
The control sequence at the end of the top line
of your error message was never \def'ed. If you have
misspelled it (e.g., `\hobx'), type `I' and the correct
spelling (e.g., `I\hbox'). Otherwise just continue,
and I'll forget about whatever was undefined.




Underfull \hbox (badness 10000) in paragraph at lines 56--56
 \OT1/ptm/m/it/11 A. Strate-gic Frame-
 []


Underfull \hbox (badness 10000) in paragraph at lines 57--59
\OT1/ptm/m/n/11 lever-aged port-fo-lio
 []


Underfull \hbox (badness 10000) in paragraph at lines 59--60
[]\OT1/ptm/m/n/11 Volatility de-
 []


Underfull \hbox (badness 10000) in paragraph at lines 59--60
\OT1/ptm/m/n/11 cay mit-i-ga-tion
 []


Underfull \hbox (badness 10000) in paragraph at lines 60--61
[]\OT1/ptm/m/n/11 Systematic re-
 []


Underfull \hbox (badness 10000) in paragraph at lines 60--61
\OT1/ptm/m/n/11 bal-anc-ing to
 []


Underfull \hbox (badness 10000) in paragraph at lines 61--62
[]\OT1/ptm/m/n/11 Risk par-ity
 []


Underfull \hbox (badness 10000) in paragraph at lines 61--62
\OT1/ptm/m/n/11 across lever-
 []


Underfull \hbox (badness 10000) in paragraph at lines 61--62
\OT1/ptm/m/n/11 aged in-stru-
 []


Overfull \hbox (43.83127pt too wide) detected at line 73
[]
 []


Underfull \hbox (badness 10000) in paragraph at lines 79--80
\OT1/ptm/m/n/11 method-ol-ogy
 []


Underfull \hbox (badness 10000) in paragraph at lines 79--80
\OT1/ptm/m/n/11 for lever-aged
 []


Underfull \hbox (badness 10000) in paragraph at lines 81--82
[]\OT1/ptm/m/n/11 Rebalancing
 []


Underfull \hbox (badness 10000) in paragraph at lines 81--82
\OT1/ptm/m/n/11 dy-nam-ics and
 []


Underfull \hbox (badness 10000) in paragraph at lines 87--87
 \OT1/ptm/m/it/11 A. Lever-aged ETF
 []


Underfull \hbox (badness 10000) in paragraph at lines 89--90
[]\OT1/ptm/m/n/11 Leveraged ETFs
 []

[1{/usr/local/texlive/2025/texmf-var/fonts/map/pdftex/updmap/pdftex.map}{/usr/local/texlive/2025/texmf-dist/fonts/enc/dvips/base/8r.enc}]
Underfull \hbox (badness 10000) in paragraph at lines 111--111
 \OT1/ptm/m/it/11 B. Port-fo-lio Con-
 []


Underfull \hbox (badness 10000) in paragraph at lines 111--111
\OT1/ptm/m/it/11 struc-tion Method-ol-
 []


Underfull \hbox (badness 7522) in paragraph at lines 130--130
 \OT1/ptm/m/it/11 C. Re-bal-anc-ing Dy-
 []


Underfull \hbox (badness 10000) in paragraph at lines 132--133
[]\OT1/ptm/m/n/11 The re-bal-anc-ing
 []


Underfull \hbox (badness 10000) in paragraph at lines 132--133
\OT1/ptm/m/n/11 ti-mized to bal-ance
 []


Overfull \vbox (9.19508pt too high) has occurred while \output is active []




Overfull \vbox (168.64603pt too high) has occurred while \output is active []

 [2


]
Overfull \hbox (17.21523pt too wide) detected at line 139
[]
 []

/Users/misango/codechest/LeanBacktester/arithmax-strategies/csharp_Algorithms/DiversifiedLeverage/Research_paper/DiversifiedLeverageReport_Fixed.tex:143: Undefined control sequence.
l.143 \tau^* = \argmin
                      _\tau \left[ \frac{TC(\tau)}{\tau} + TE(\tau) \right]
The control sequence at the end of the top line
of your error message was never \def'ed. If you have
misspelled it (e.g., `\hobx'), type `I' and the correct
spelling (e.g., `I\hbox'). Otherwise just continue,
and I'll forget about whatever was undefined.


Underfull \hbox (badness 10000) in paragraph at lines 150--150
 \OT1/ptm/m/it/11 A. Core Hold-ings
 []


LaTeX Warning: Reference `tab:holdings' on page 3 undefined on input line 152.


Overfull \hbox (38.87733pt too wide) in paragraph at lines 158--170
 [][] 
 []


Underfull \hbox (badness 10000) in paragraph at lines 178--179
[]\OT1/ptm/m/n/11 The al-lo-ca-tion
 []




Underfull \hbox (badness 10000) in paragraph at lines 195--195
 \OT1/ptm/m/it/11 C. Tar-iff Im-pact
 []


Underfull \hbox (badness 10000) in paragraph at lines 199--200
[]\OT1/ptm/b/n/11 Technology
 []


Underfull \hbox (badness 6047) in paragraph at lines 199--200
\OT1/ptm/b/n/11 (50%): \OT1/ptm/m/n/11 Growth
 []


Underfull \hbox (badness 10000) in paragraph at lines 200--201
[]\OT1/ptm/b/n/11 Bonds (25%):
 []


Underfull \hbox (badness 6110) in paragraph at lines 201--202
\OT1/ptm/m/n/11 In-fla-tion hedge,
 []


Underfull \hbox (badness 10000) in paragraph at lines 202--203
[]\OT1/ptm/b/n/11 Gold (10%):
 []


Underfull \hbox (badness 10000) in paragraph at lines 202--203
\OT1/ptm/m/n/11 Cur-rency de-
 []


LaTeX Warning: Reference `alg:rebalance' on page 3 undefined on input line 216.

Package hyperref Info: bookmark level for unknown algorithm defaults to 0 on input line 219.
/Users/misango/codechest/LeanBacktester/arithmax-strategies/csharp_Algorithms/DiversifiedLeverage/Research_paper/DiversifiedLeverageReport_Fixed.tex:222: Missing \endcsname inserted.
<to be read again> 
                   \ALG@currentblock@0 
l.222 \Function
               {RebalancePortfolio}{}
The control sequence marked <to be read again> should
not appear between \csname and \endcsname.

/Users/misango/codechest/LeanBacktester/arithmax-strategies/csharp_Algorithms/DiversifiedLeverage/Research_paper/DiversifiedLeverageReport_Fixed.tex:222: Extra \endcsname.
\ALG@makebeginrepeat ...\ALG@thisblock \endcsname 
                                                  \relax \def \ALG@thisblock...
l.222 \Function
               {RebalancePortfolio}{}
I'm ignoring this, since I wasn't doing a \csname.

LaTeX Font Info:    Trying to load font information for OMS+ptm on input line 224.
(/usr/local/texlive/2025/texmf-dist/tex/latex/psnfss/omsptm.fd
File: omsptm.fd 
)
LaTeX Font Info:    Font shape `OMS/ptm/m/n' in size <11> not available
(Font)              Font shape `OMS/cmsy/m/n' tried instead on input line 224.

Underfull \hbox (badness 10000) in paragraph at lines 227--228
 [] $\OML/cmm/m/it/10.95 portfolioValue \OMS/cmsy/m/n/10.95  
 []


Underfull \hbox (badness 10000) in paragraph at lines 230--231
 [] $\OML/cmm/m/it/10.95 currentPrice \OMS/cmsy/m/n/10.95  
 []


Underfull \hbox (badness 10000) in paragraph at lines 232--233
 [] $\OML/cmm/m/it/10.95 targetShares \OMS/cmsy/m/n/10.95  
 []


Underfull \hbox (badness 10000) in paragraph at lines 234--235
 [] $\OML/cmm/m/it/10.95 currentShares \OMS/cmsy/m/n/10.95  
 []


Underfull \hbox (badness 10000) in paragraph at lines 235--236
 [] $\OML/cmm/m/it/10.95 sharesDifference \OMS/cmsy/m/n/10.95  
 []


Underfull \hbox (badness 10000) in paragraph at lines 237--238
 [] \OT1/ptm/b/n/11 if $\OMS/cmsy/m/n/10.95 j\OML/cmm/m/it/10.95 sharesDifference\OMS/cmsy/m/n/10.95 j ^^U
 []


Overfull \hbox (59.2278pt too wide) in paragraph at lines 238--239
 [] $[]\OT1/cmr/m/n/10.95 (\OML/cmm/m/it/10.95 asset; sharesDifference\OT1/cmr/m/n/10.95 )$ 
 []

/Users/misango/codechest/LeanBacktester/arithmax-strategies/csharp_Algorithms/DiversifiedLeverage/Research_paper/DiversifiedLeverageReport_Fixed.tex:244: Missing number, treated as zero.
<to be read again> 
                   \ALG@currentblock@0 
l.244 \end{algorithmic}
                       
A number should have been here; I inserted `0'.
(If you can't figure out why I needed to see a number,
look up `weird error' in the index to The TeXbook.)

/Users/misango/codechest/LeanBacktester/arithmax-strategies/csharp_Algorithms/DiversifiedLeverage/Research_paper/DiversifiedLeverageReport_Fixed.tex:244: Missing = inserted for \ifnum.
<to be read again> 
                   \ALG@currentblock@0 
l.244 \end{algorithmic}
                       
I was expecting to see `<', `=', or `>'. Didn't.

/Users/misango/codechest/LeanBacktester/arithmax-strategies/csharp_Algorithms/DiversifiedLeverage/Research_paper/DiversifiedLeverageReport_Fixed.tex:244: Missing number, treated as zero.
<to be read again> 
                   \ALG@currentblock@0 
l.244 \end{algorithmic}
                       
A number should have been here; I inserted `0'.
(If you can't figure out why I needed to see a number,
look up `weird error' in the index to The TeXbook.)


LaTeX Warning: Reference `alg:risk' on page 3 undefined on input line 249.


Underfull \hbox (badness 2556) in paragraph at lines 249--250
[]\OT1/ptm/m/n/11 Dynamic risk con-trols are im-ple-mented
 []

/Users/misango/codechest/LeanBacktester/arithmax-strategies/csharp_Algorithms/DiversifiedLeverage/Research_paper/DiversifiedLeverageReport_Fixed.tex:255: Missing \endcsname inserted.
<to be read again> 
                   \ALG@currentblock@0 
l.255 \Function
               {ApplyRiskControls}{}
The control sequence marked <to be read again> should
not appear between \csname and \endcsname.

/Users/misango/codechest/LeanBacktester/arithmax-strategies/csharp_Algorithms/DiversifiedLeverage/Research_paper/DiversifiedLeverageReport_Fixed.tex:255: Extra \endcsname.
\ALG@makebeginrepeat ...\ALG@thisblock \endcsname 
                                                  \relax \def \ALG@thisblock...
l.255 \Function
               {ApplyRiskControls}{}
I'm ignoring this, since I wasn't doing a \csname.


Underfull \hbox (badness 10000) in paragraph at lines 260--261
 [] \OT1/ptm/b/n/11 if $[]\OT1/cmr/m/n/10.95 (\OML/cmm/m/it/10.95 asset\OT1/cmr/m/n/10.95 ) \OML/cmm/m/it/10.95 >
 []


Underfull \hbox (badness 6691) in paragraph at lines 260--261
\OML/cmm/m/it/10.95 maxConcentration \OMS/cmsy/m/n/10.95 ^^B \OML/cmm/m/it/10.95 portfolioValue$
 []


Overfull \hbox (39.72415pt too wide) in paragraph at lines 261--262
 [] $[]\OT1/cmr/m/n/10.95 (\OML/cmm/m/it/10.95 asset; maxConcentration\OT1/cmr/m/n/10.95 )$ 
 []


Underfull \hbox (badness 10000) in paragraph at lines 264--265
 [] \OT1/ptm/b/n/11 if $[]\OT1/cmr/m/n/10.95 (\OML/cmm/m/it/10.95 asset\OT1/cmr/m/n/10.95 ) \OML/cmm/m/it/10.95 >
 []


Overfull \hbox (22.10622pt too wide) in paragraph at lines 265--266
 [] $[]\OT1/cmr/m/n/10.95 (\OML/cmm/m/it/10.95 asset; volatilityFactor\OT1/cmr/m/n/10.95 )$ 
 []


Underfull \hbox (badness 10000) in paragraph at lines 269--270
 [] $\OML/cmm/m/it/10.95 correlationMatrix \OMS/cmsy/m/n/10.95  
 []


Overfull \hbox (19.78966pt too wide) in paragraph at lines 269--270
[]\OT1/cmr/m/n/10.95 (\OML/cmm/m/it/10.95 lookbackPeriod\OT1/cmr/m/n/10.95 )$ 
 []


Underfull \hbox (badness 1701) in paragraph at lines 270--271
 [] \OT1/ptm/b/n/11 if $[]\OT1/cmr/m/n/10.95 (\OML/cmm/m/it/10.95 correlationMatrix\OT1/cmr/m/n/10.95 ) \OML/cmm/m/it/10.95 > \OT1/cmr/m/n/10.95 0\OML/cmm/m/it/10.95 :\OT1/cmr/m/n/10.95 8$
 []

/Users/misango/codechest/LeanBacktester/arithmax-strategies/csharp_Algorithms/DiversifiedLeverage/Research_paper/DiversifiedLeverageReport_Fixed.tex:274: Missing number, treated as zero.
<to be read again> 
                   \ALG@currentblock@0 
l.274 \end{algorithmic}
                       
A number should have been here; I inserted `0'.
(If you can't figure out why I needed to see a number,
look up `weird error' in the index to The TeXbook.)

/Users/misango/codechest/LeanBacktester/arithmax-strategies/csharp_Algorithms/DiversifiedLeverage/Research_paper/DiversifiedLeverageReport_Fixed.tex:274: Missing = inserted for \ifnum.
<to be read again> 
                   \ALG@currentblock@0 
l.274 \end{algorithmic}
                       
I was expecting to see `<', `=', or `>'. Didn't.

/Users/misango/codechest/LeanBacktester/arithmax-strategies/csharp_Algorithms/DiversifiedLeverage/Research_paper/DiversifiedLeverageReport_Fixed.tex:274: Missing number, treated as zero.
<to be read again> 
                   \ALG@currentblock@0 
l.274 \end{algorithmic}
                       
A number should have been here; I inserted `0'.
(If you can't figure out why I needed to see a number,
look up `weird error' in the index to The TeXbook.)


Underfull \hbox (badness 10000) in paragraph at lines 279--279
 \OT1/ptm/m/it/11 C. Per-for-mance At-
 []


Underfull \hbox (badness 10000) in paragraph at lines 281--282
\OT1/ptm/m/n/11 turn de-com-po-si-tion
 []


Underfull \vbox (badness 1540) has occurred while \output is active []



[3
pdfTeX warning (ext4): destination with the same identifier (name{table.1}) has been already used, duplicate ignored
<argument> ...shipout:D \box_use:N \l_shipout_box 
                                                  \__shipout_drop_firstpage_...
l.289 \end{align}
                 ]


Underfull \hbox (badness 10000) in paragraph at lines 300--301
[]\OT1/ptm/b/n/11 Sector Ro-ta-
 []


Underfull \hbox (badness 10000) in paragraph at lines 300--301
\OT1/ptm/b/n/11 tion\OT1/ptm/m/n/11 : Man-u-
 []


Underfull \hbox (badness 10000) in paragraph at lines 300--301
\OT1/ptm/m/n/11 fac-tur-ing and
 []


Underfull \hbox (badness 10000) in paragraph at lines 301--302
[]\OT1/ptm/b/n/11 Inflation Ex-
 []


Underfull \hbox (badness 10000) in paragraph at lines 301--302
\OT1/ptm/b/n/11 pec-ta-tions\OT1/ptm/m/n/11 :
 []


Overfull \hbox (4.53496pt too wide) in paragraph at lines 302--303
[]\OT1/ptm/b/n/11 Dollar Strength\OT1/ptm/m/n/11 :
 []


Underfull \hbox (badness 10000) in paragraph at lines 302--303
\OT1/ptm/m/n/11 In-ter-na-tional
 []


Underfull \hbox (badness 10000) in paragraph at lines 302--303
\OT1/ptm/m/n/11 ex-po-sure
 []


Underfull \hbox (badness 10000) in paragraph at lines 302--303
\OT1/ptm/m/n/11 through gold
 []


Underfull \hbox (badness 10000) in paragraph at lines 303--304
[]\OT1/ptm/b/n/11 Interest Rate
 []


Underfull \hbox (badness 10000) in paragraph at lines 303--304
\OT1/ptm/b/n/11 Pol-icy\OT1/ptm/m/n/11 : Bond
 []


Underfull \hbox (badness 5245) in paragraph at lines 303--304
\OT1/ptm/m/n/11 al-lo-ca-tion pro-
 []



[4]
Underfull \hbox (badness 10000) in paragraph at lines 315--315
 \OT1/ptm/m/it/11 B. Mar-ket Regime
 []


LaTeX Warning: Reference `tab:regimes' on page 5 undefined on input line 317.


Underfull \hbox (badness 10000) in paragraph at lines 317--318
[]\OT1/ptm/m/n/11 Portfolio per-for-
 []


Overfull \hbox (56.80437pt too wide) in paragraph at lines 323--333
 [][] 
 []


Underfull \hbox (badness 10000) in paragraph at lines 339--339
 \OT1/ptm/m/it/11 C. Cor-re-la-tion Dy-
 []


Underfull \hbox (badness 10000) in paragraph at lines 341--343
[]\OT1/ptm/m/n/11 During mar-ket
 []


Underfull \hbox (badness 10000) in paragraph at lines 341--343
\OT1/ptm/m/n/11 stress, cor-re-la-tions
 []


Underfull \hbox (badness 10000) in paragraph at lines 343--344
[]\OT1/ptm/b/n/11 Equity-Bond
 []


Underfull \hbox (badness 10000) in paragraph at lines 343--344
\OT1/ptm/b/n/11 Cor-re-la-tion:
 []


Underfull \hbox (badness 10000) in paragraph at lines 344--345
[]\OT1/ptm/b/n/11 Equity-Gold
 []


Underfull \hbox (badness 10000) in paragraph at lines 344--345
\OT1/ptm/b/n/11 Cor-re-la-tion:
 []


Underfull \hbox (badness 10000) in paragraph at lines 352--353
[]\OT1/ptm/m/n/11 Key per-for-mance
 []


Underfull \hbox (badness 10000) in paragraph at lines 352--353
\OT1/ptm/m/n/11 in-di-ca-tors for the
 []


Underfull \hbox (badness 10000) in paragraph at lines 352--353
\OT1/ptm/m/n/11 strat-egy in-clude
 []


Underfull \hbox (badness 5548) in paragraph at lines 352--353
\OT1/ptm/m/n/11 ra-tio, Cal-mar ra-tio,
 []


Underfull \hbox (badness 10000) in paragraph at lines 354--354
 \OT1/ptm/m/it/11 B. Ac-tual Per-for-
 []


Underfull \hbox (badness 10000) in paragraph at lines 356--357
[]\OT1/ptm/m/n/11 Based on ac-tual
 []


Underfull \hbox (badness 10000) in paragraph at lines 356--357
\OT1/ptm/m/n/11 back-test-ing re-sults
 []


Underfull \hbox (badness 10000) in paragraph at lines 359--360
[]\OT1/ptm/b/n/11 Total Re-turn:
 []


Underfull \hbox (badness 10000) in paragraph at lines 361--362
[]\OT1/ptm/b/n/11 Sharpe Ra-tio:
 []


Underfull \hbox (badness 8189) in paragraph at lines 362--363
[]\OT1/ptm/b/n/11 Sortino Ra-tio:
 []


Underfull \hbox (badness 10000) in paragraph at lines 363--364
[]\OT1/ptm/b/n/11 Maximum
 []


Underfull \hbox (badness 10000) in paragraph at lines 363--364
\OT1/ptm/b/n/11 Draw-down: \OT1/ptm/m/n/11 -
 []

[5
pdfTeX warning (ext4): destination with the same identifier (name{table.2}) has been already used, duplicate ignored
<argument> ...shipout:D \box_use:N \l_shipout_box 
                                                  \__shipout_drop_firstpage_...
l.364     \item \textbf
                       {Win Rate:} 62\%]
Overfull \hbox (52.0361pt too wide) in paragraph at lines 375--385
 [][] 
 []


Underfull \hbox (badness 10000) in paragraph at lines 395--396
\OT1/ptm/m/n/11 cem-ber 31, 2024,
 []


Underfull \hbox (badness 10000) in paragraph at lines 395--396
\OT1/ptm/m/n/11 Lean en-gine. Key
 []

LaTeX Font Info:    Trying to load font information for TS1+ptm on input line 398.
(/usr/local/texlive/2025/texmf-dist/tex/latex/psnfss/ts1ptm.fd
File: ts1ptm.fd 2001/06/04 font definitions for TS1/ptm.
)
Underfull \hbox (badness 10000) in paragraph at lines 398--399
[]\OT1/ptm/b/n/11 Final Eq-uity:
 []


Underfull \hbox (badness 10000) in paragraph at lines 398--399
\TS1/ptm/m/n/11 $\OT1/ptm/m/n/11 786,578 from
 []


Underfull \hbox (badness 10000) in paragraph at lines 399--400
[]\OT1/ptm/b/n/11 Total Trades:
 []


Underfull \hbox (badness 10000) in paragraph at lines 399--400
\OT1/ptm/m/n/11 2,289 ex-e-cuted
 []


Underfull \hbox (badness 10000) in paragraph at lines 400--401
[]\OT1/ptm/b/n/11 Transaction
 []


Underfull \hbox (badness 10000) in paragraph at lines 400--401
\OT1/ptm/b/n/11 Costs: \TS1/ptm/m/n/11 $\OT1/ptm/m/n/11 2,427
 []


Underfull \hbox (badness 10000) in paragraph at lines 401--402
\OT1/ptm/b/n/11 ity: \OT1/ptm/m/n/11 Es-ti-mated
 []


Underfull \hbox (badness 10000) in paragraph at lines 408--409
\OT1/ptm/m/n/11 (1,219 win-ning
 []


Underfull \hbox (badness 10000) in paragraph at lines 408--409
\OT1/ptm/m/n/11 vs 831 los-ing
 []


Underfull \hbox (badness 10000) in paragraph at lines 409--410
[]\OT1/ptm/b/n/11 Average Win:
 []


Underfull \hbox (badness 10000) in paragraph at lines 411--412
[]\OT1/ptm/b/n/11 Largest Gain:
 []


Underfull \hbox (badness 10000) in paragraph at lines 417--417
 \OT1/ptm/m/it/11 A. Po-si-tion Siz-ing
 []


Underfull \hbox (badness 10000) in paragraph at lines 419--420
[]\OT1/ptm/m/n/11 Kelly-optimal po-
 []


Underfull \hbox (badness 10000) in paragraph at lines 419--420
\OT1/ptm/m/n/11 si-tion siz-ing with
 []


Underfull \hbox (badness 10000) in paragraph at lines 419--420
\OT1/ptm/m/n/11 lever-age ad-just-ment
 []

[6
pdfTeX warning (ext4): destination with the same identifier (name{table.3}) has been already used, duplicate ignored
<argument> ...shipout:D \box_use:N \l_shipout_box 
                                                  \__shipout_drop_firstpage_...
l.420 
      ]

LaTeX Warning: Reference `alg:dynamic_risk' on page 7 undefined on input line 425.

/Users/misango/codechest/LeanBacktester/arithmax-strategies/csharp_Algorithms/DiversifiedLeverage/Research_paper/DiversifiedLeverageReport_Fixed.tex:431: Missing \endcsname inserted.
<to be read again> 
                   \ALG@currentblock@0 
l.431 \Function
               {DynamicRiskAdjustment}{}
The control sequence marked <to be read again> should
not appear between \csname and \endcsname.

/Users/misango/codechest/LeanBacktester/arithmax-strategies/csharp_Algorithms/DiversifiedLeverage/Research_paper/DiversifiedLeverageReport_Fixed.tex:431: Extra \endcsname.
\ALG@makebeginrepeat ...\ALG@thisblock \endcsname 
                                                  \relax \def \ALG@thisblock...
l.431 \Function
               {DynamicRiskAdjustment}{}
I'm ignoring this, since I wasn't doing a \csname.


Underfull \hbox (badness 10000) in paragraph at lines 432--433
 [] $\OML/cmm/m/it/10.95 currentVol \OMS/cmsy/m/n/10.95  
 []


Underfull \hbox (badness 10000) in paragraph at lines 435--436
 [] $[]\OT1/cmr/m/n/10.95 (\OML/cmm/m/it/10.95 factor \OT1/cmr/m/n/10.95 = 0\OML/cmm/m/it/10.95 :\OT1/cmr/m/n/10.95 8)$
 []


Overfull \hbox (12.0089pt too wide) in paragraph at lines 436--437
 [] $[]\OT1/cmr/m/n/10.95 (\OML/cmm/m/it/10.95 targetBonds \OMS/cmsy/m/n/10.95 ^^B
 []


Underfull \hbox (badness 1406) in paragraph at lines 440--441
 [] $[]\OT1/cmr/m/n/10.95 (\OML/cmm/m/it/10.95 factor \OT1/cmr/m/n/10.95 = 1\OML/cmm/m/it/10.95 :\OT1/cmr/m/n/10.95 1)$
 []


Underfull \hbox (badness 10000) in paragraph at lines 444--445
 [] $[]\OT1/cmr/m/n/10.95 ()$
 []

/Users/misango/codechest/LeanBacktester/arithmax-strategies/csharp_Algorithms/DiversifiedLeverage/Research_paper/DiversifiedLeverageReport_Fixed.tex:448: Missing number, treated as zero.
<to be read again> 
                   \ALG@currentblock@0 
l.448 \end{algorithmic}
                       
A number should have been here; I inserted `0'.
(If you can't figure out why I needed to see a number,
look up `weird error' in the index to The TeXbook.)

/Users/misango/codechest/LeanBacktester/arithmax-strategies/csharp_Algorithms/DiversifiedLeverage/Research_paper/DiversifiedLeverageReport_Fixed.tex:448: Missing = inserted for \ifnum.
<to be read again> 
                   \ALG@currentblock@0 
l.448 \end{algorithmic}
                       
I was expecting to see `<', `=', or `>'. Didn't.

/Users/misango/codechest/LeanBacktester/arithmax-strategies/csharp_Algorithms/DiversifiedLeverage/Research_paper/DiversifiedLeverageReport_Fixed.tex:448: Missing number, treated as zero.
<to be read again> 
                   \ALG@currentblock@0 
l.448 \end{algorithmic}
                       
A number should have been here; I inserted `0'.
(If you can't figure out why I needed to see a number,
look up `weird error' in the index to The TeXbook.)


LaTeX Warning: Reference `alg:operational' on page 7 undefined on input line 453.


Underfull \hbox (badness 6978) in paragraph at lines 453--454
[]\OT1/ptm/m/n/11 The op-er-a-tional work-flow is man-aged
 []

/Users/misango/codechest/LeanBacktester/arithmax-strategies/csharp_Algorithms/DiversifiedLeverage/Research_paper/DiversifiedLeverageReport_Fixed.tex:459: Missing \endcsname inserted.
<to be read again> 
                   \ALG@currentblock@0 
l.459 \Function
               {OperationalWorkflow}{}
The control sequence marked <to be read again> should
not appear between \csname and \endcsname.

/Users/misango/codechest/LeanBacktester/arithmax-strategies/csharp_Algorithms/DiversifiedLeverage/Research_paper/DiversifiedLeverageReport_Fixed.tex:459: Extra \endcsname.
\ALG@makebeginrepeat ...\ALG@thisblock \endcsname 
                                                  \relax \def \ALG@thisblock...
l.459 \Function
               {OperationalWorkflow}{}
I'm ignoring this, since I wasn't doing a \csname.

/Users/misango/codechest/LeanBacktester/arithmax-strategies/csharp_Algorithms/DiversifiedLeverage/Research_paper/DiversifiedLeverageReport_Fixed.tex:477: Missing number, treated as zero.
<to be read again> 
                   \ALG@currentblock@0 
l.477 \end{algorithmic}
                       
A number should have been here; I inserted `0'.
(If you can't figure out why I needed to see a number,
look up `weird error' in the index to The TeXbook.)

/Users/misango/codechest/LeanBacktester/arithmax-strategies/csharp_Algorithms/DiversifiedLeverage/Research_paper/DiversifiedLeverageReport_Fixed.tex:477: Missing = inserted for \ifnum.
<to be read again> 
                   \ALG@currentblock@0 
l.477 \end{algorithmic}
                       
I was expecting to see `<', `=', or `>'. Didn't.

/Users/misango/codechest/LeanBacktester/arithmax-strategies/csharp_Algorithms/DiversifiedLeverage/Research_paper/DiversifiedLeverageReport_Fixed.tex:477: Missing number, treated as zero.
<to be read again> 
                   \ALG@currentblock@0 
l.477 \end{algorithmic}
                       
A number should have been here; I inserted `0'.
(If you can't figure out why I needed to see a number,
look up `weird error' in the index to The TeXbook.)




Underfull \hbox (badness 7308) in paragraph at lines 486--488
\OT1/ptm/m/n/11 ments through ML
 []


Underfull \hbox (badness 10000) in paragraph at lines 488--489
\OT1/ptm/b/n/11 tion: \OT1/ptm/m/n/11 Hid-den
 []


Underfull \hbox (badness 10000) in paragraph at lines 489--490
[]\OT1/ptm/b/n/11 Correlation
 []


Underfull \hbox (badness 10000) in paragraph at lines 489--490
\OT1/ptm/b/n/11 Fore-cast-ing:
 []


Underfull \hbox (badness 10000) in paragraph at lines 489--490
\OT1/ptm/m/n/11 LSTM net-
 []


Underfull \hbox (badness 7012) in paragraph at lines 489--490
\OT1/ptm/m/n/11 namic cor-re-la-
 []


Underfull \hbox (badness 10000) in paragraph at lines 490--491
[]\OT1/ptm/b/n/11 Volatility
 []


Underfull \hbox (badness 10000) in paragraph at lines 490--491
\OT1/ptm/b/n/11 Pre-dic-tion:
 []


Underfull \hbox (badness 10000) in paragraph at lines 490--491
\OT1/ptm/m/n/11 GARCH-LSTM
 []


Underfull \hbox (badness 10000) in paragraph at lines 491--492
[]\OT1/ptm/b/n/11 Alternative
 []


Underfull \hbox (badness 10000) in paragraph at lines 491--492
\OT1/ptm/b/n/11 Data: \OT1/ptm/m/n/11 Sen-ti-
 []


Underfull \hbox (badness 10000) in paragraph at lines 491--492
\OT1/ptm/m/n/11 ment anal-y-sis
 []


Underfull \vbox (badness 10000) has occurred while \output is active []



[7]
Underfull \hbox (badness 10000) in paragraph at lines 508--509
[]\OT1/ptm/m/n/11 The Di-ver-si-fied
 []


Underfull \hbox (badness 10000) in paragraph at lines 508--509
\OT1/ptm/m/n/11 Lever-age Strat-egy
 []


Underfull \hbox (badness 10000) in paragraph at lines 508--509
\OT1/ptm/m/n/11 presents a math-e-
 []


Underfull \hbox (badness 10000) in paragraph at lines 508--509
\OT1/ptm/m/n/11 mat-i-cally rig-or-ous
 []


Underfull \hbox (badness 10000) in paragraph at lines 508--509
\OT1/ptm/m/n/11 that ad-dresses key
 []


Underfull \hbox (badness 10000) in paragraph at lines 508--509
\OT1/ptm/m/n/11 port-fo-lio man-age-
 []


Underfull \hbox (badness 5548) in paragraph at lines 508--509
\OT1/ptm/m/n/11 gic as-set al-lo-ca-tion
 []


Underfull \hbox (badness 10000) in paragraph at lines 508--509
\OT1/ptm/m/n/11 frame-work achieves
 []


Underfull \hbox (badness 10000) in paragraph at lines 508--509
\OT1/ptm/m/n/11 en-hanced re-turns
 []


Underfull \hbox (badness 10000) in paragraph at lines 508--509
\OT1/ptm/m/n/11 through in-tel-li-gent
 []


Underfull \hbox (badness 5302) in paragraph at lines 508--509
\OT1/ptm/m/n/11 lever-age ap-pli-ca-tion,
 []


Underfull \hbox (badness 10000) in paragraph at lines 508--509
\OT1/ptm/m/n/11 risk mit-i-ga-tion via
 []


Underfull \hbox (badness 10000) in paragraph at lines 508--509
\OT1/ptm/m/n/11 multi-asset di-ver-si-
 []


Underfull \hbox (badness 10000) in paragraph at lines 508--509
\OT1/ptm/m/n/11 fi-ca-tion, sys-tem-atic
 []


Underfull \hbox (badness 10000) in paragraph at lines 508--509
\OT1/ptm/m/n/11 mo-men-tum ef-fects,
 []


Underfull \hbox (badness 10000) in paragraph at lines 508--509
\OT1/ptm/m/n/11 and tariff-resilient
 []


Underfull \hbox (badness 10000) in paragraph at lines 508--509
\OT1/ptm/m/n/11 po-si-tion-ing across
 []


Underfull \hbox (badness 10000) in paragraph at lines 510--511
[]\OT1/ptm/m/n/11 The strat-egy
 []


Underfull \hbox (badness 10000) in paragraph at lines 510--511
\OT1/ptm/m/n/11 demon-strates ro-bust
 []


Underfull \hbox (badness 10000) in paragraph at lines 510--511
\OT1/ptm/m/n/11 the-o-ret-i-cal foun-da-
 []


Underfull \hbox (badness 10000) in paragraph at lines 510--511
\OT1/ptm/m/n/11 Ac-tual per-for-mance
 []


Underfull \hbox (badness 10000) in paragraph at lines 510--511
\OT1/ptm/m/n/11 pe-rior risk-adjusted
 []


Underfull \hbox (badness 10000) in paragraph at lines 510--511
\OT1/ptm/m/n/11 tra-di-tional port-fo-
 []


Underfull \hbox (badness 10000) in paragraph at lines 510--511
\OT1/ptm/m/n/11 en-hanced re-silience
 []


Underfull \hbox (badness 10000) in paragraph at lines 512--513
[]\OT1/ptm/m/n/11 Future re-search
 []


Underfull \hbox (badness 10000) in paragraph at lines 512--513
\OT1/ptm/m/n/11 learn-ing in-te-gra-tion
 []


Underfull \hbox (badness 10000) in paragraph at lines 512--513
\OT1/ptm/m/n/11 the evolv-ing tar-iff
 []

** WARNING: Ignoring useless \section in Appendix (line 518).

Overfull \hbox (26.21141pt too wide) detected at line 525
[][][][] []
 []


Underfull \vbox (badness 10000) has occurred while \output is active []




Underfull \hbox (badness 10000) in paragraph at lines 553--556
[]\OT1/ptm/m/n/11 M. Avel-laneda and S. Zhang, ``Path-
 []


Underfull \hbox (badness 3815) in paragraph at lines 553--556
\OT1/ptm/m/n/11 dependence of lever-aged ETF re-turns,''
 []



[8] (./DiversifiedLeverageReport_Fixed.aux

Package natbib Warning: Citation(s) may have changed.
(natbib)                Rerun to get citations correct.


./DiversifiedLeverageReport_Fixed.aux:53: Package natbib Error: Bibliography not compatible with author-year citations.
(natbib)                Press <return> to continue in numerical citation style.

See the natbib package documentation for explanation.
Type  H <return>  for immediate help.
 ...                                              
                                                  
l.53 ...mand\NAT@force@numbers{}\NAT@force@numbers
                                                  
Check the bibliography entries for non-compliant syntax,
or select author-year BibTeX style, e.g. plainnat

)
 ***********
LaTeX2e <2024-11-01> patch level 2
L3 programming layer <2025-01-18>
 ***********


LaTeX Warning: There were undefined references.


LaTeX Warning: Label(s) may have changed. Rerun to get cross-references right.


Package rerunfilecheck Warning: File `DiversifiedLeverageReport_Fixed.out' has changed.
(rerunfilecheck)                Rerun to get outlines right
(rerunfilecheck)                or use package `bookmark'.

Package rerunfilecheck Info: Checksums for `DiversifiedLeverageReport_Fixed.out':
(rerunfilecheck)             Before: <no file>
(rerunfilecheck)             After:  F182078009998BA30B81692F04B1D973;5933.
 ) 
Here is how much of TeX's memory you used:
 34439 strings out of 473190
 781705 string characters out of 5715800
 1324745 words of memory out of 5000000
 57056 multiletter control sequences out of 15000+600000
 607115 words of font info for 138 fonts, out of 8000000 for 9000
 1141 hyphenation exceptions out of 8191
 84i,15n,87p,922b,668s stack positions out of 10000i,1000n,20000p,200000b,200000s
</usr/local/texlive/2025/texmf-dist/fonts/type1/public/amsfonts/cm/cmbx10.pfb></usr/local/texlive/2025/texmf-dist/fonts/type1/public/amsfonts/cm/cmbx8.pfb></usr/local/texlive/2025/texmf-dist/fonts/type1/public/amsfonts/cm/cmex10.pfb></usr/local/texlive/2025/texmf-dist/fonts/type1/public/amsfonts/cm/cmmi10.pfb></usr/local/texlive/2025/texmf-dist/fonts/type1/public/amsfonts/cm/cmmi8.pfb></usr/local/texlive/2025/texmf-dist/fonts/type1/public/amsfonts/cm/cmmib10.pfb></usr/local/texlive/2025/texmf-dist/fonts/type1/public/amsfonts/cm/cmr10.pfb></usr/local/texlive/2025/texmf-dist/fonts/type1/public/amsfonts/cm/cmr8.pfb></usr/local/texlive/2025/texmf-dist/fonts/type1/public/amsfonts/cm/cmsy10.pfb></usr/local/texlive/2025/texmf-dist/fonts/type1/public/amsfonts/cm/cmsy8.pfb></usr/local/texlive/2025/texmf-dist/fonts/type1/public/amsfonts/symbols/msbm10.pfb></usr/local/texlive/2025/texmf-dist/fonts/type1/urw/times/utmb8a.pfb></usr/local/texlive/2025/texmf-dist/fonts/type1/urw/times/utmbi8a.pfb></usr/local/texlive/2025/texmf-dist/fonts/type1/urw/times/utmr8a.pfb></usr/local/texlive/2025/texmf-dist/fonts/type1/urw/times/utmri8a.pfb>
Output written on DiversifiedLeverageReport_Fixed.pdf (8 pages, 195399 bytes).
PDF statistics:
 224 PDF objects out of 1000 (max. 8388607)
 182 compressed objects within 2 object streams
 91 named destinations out of 1000 (max. 500000)
 13 words of extra memory for PDF output out of 10000 (max. 10000000)

