2025-07-15 11:23:21,885 - utils - INFO - Testing logging system
2025-07-15 11:30:41,004 - utils - INFO - Testing logging system
2025-07-15 11:31:18,538 - utils - INFO - Running in test mode with limited symbols and date range
2025-07-15 11:31:18,538 - utils - INFO - Starting data download from 2025-07-08 to 2025-07-15
2025-07-15 11:31:18,539 - utils - INFO - Resolution: minute
2025-07-15 11:31:18,539 - utils - INFO - Starting Alpaca data download...
2025-07-15 11:31:18,539 - utils - INFO - Starting download for 2 symbols
2025-07-15 11:31:18,570 - utils - INFO - Downloading AAPL data for minute resolution
2025-07-15 11:31:23,628 - utils - ERROR - Error getting bars for AAPL: subscription does not permit querying recent SIP data
2025-07-15 11:31:23,935 - utils - INFO - Downloading GOOGL data for minute resolution
2025-07-15 11:31:28,562 - utils - ERROR - Error getting bars for GOOGL: subscription does not permit querying recent SIP data
2025-07-15 11:31:28,869 - utils - INFO - Download completed
2025-07-15 11:31:28,870 - utils - INFO - Alpaca download completed
2025-07-15 11:31:28,870 - utils - INFO - Starting Binance data download...
2025-07-15 11:31:29,129 - utils - INFO - Starting download for 2 symbols
2025-07-15 11:31:29,130 - utils - INFO - Downloading BTCUSDT data for minute resolution
2025-07-15 11:31:32,287 - utils - INFO - Downloading ETHUSDT data for minute resolution
2025-07-15 11:31:35,472 - utils - INFO - Download completed
2025-07-15 11:31:35,473 - utils - INFO - Binance download completed
2025-07-15 11:31:35,473 - utils - INFO - Data pipeline completed successfully!
2025-07-15 11:32:42,220 - utils - INFO - Starting data download from 2024-07-15 to 2025-07-15
2025-07-15 11:32:42,220 - utils - INFO - Resolution: minute
2025-07-15 11:32:42,220 - utils - INFO - Starting Binance data download...
2025-07-15 11:32:42,568 - utils - INFO - Starting download for 2 symbols
2025-07-15 11:32:42,593 - utils - INFO - Downloading BTCUSDT data for minute resolution
2025-07-15 11:42:51,657 - utils - INFO - Starting data download from 2021-01-01 to 2024-12-31
2025-07-15 11:42:51,657 - utils - INFO - Resolution: hour
2025-07-15 11:42:51,657 - utils - INFO - Starting Alpaca data download...
2025-07-15 11:42:51,657 - utils - INFO - Starting download for 1 symbols
2025-07-15 11:42:51,674 - utils - INFO - Downloading NVDA data for hour resolution
2025-07-15 11:43:11,054 - utils - INFO - Saved 15770 bars for NVDA hour
2025-07-15 11:43:11,059 - utils - INFO - Download completed
2025-07-15 11:43:11,059 - utils - INFO - Alpaca download completed
2025-07-15 11:43:11,059 - utils - INFO - Data pipeline completed successfully!
2025-07-15 11:47:15,105 - utils - INFO - Starting data download from 2021-01-01 to 2024-12-31
2025-07-15 11:47:15,105 - utils - INFO - Resolution: hour
2025-07-15 11:47:15,105 - utils - INFO - Starting Alpaca data download...
2025-07-15 11:47:15,105 - utils - INFO - Starting download for 1 symbols
2025-07-15 11:47:15,125 - utils - INFO - Downloading PLTR data for hour resolution
2025-07-15 11:47:34,833 - utils - INFO - Saved 15825 bars for PLTR hour
2025-07-15 11:47:34,839 - utils - INFO - Download completed
2025-07-15 11:47:34,839 - utils - INFO - Alpaca download completed
2025-07-15 11:47:34,839 - utils - INFO - Data pipeline completed successfully!
2025-07-15 12:00:08,414 - utils - INFO - Starting data download from 2021-01-01 to 2024-12-31
2025-07-15 12:00:08,415 - utils - INFO - Resolution: daily
2025-07-15 12:00:08,415 - utils - INFO - Starting Alpaca data download...
2025-07-15 12:00:08,415 - utils - INFO - Starting download for 1 symbols
2025-07-15 12:00:08,447 - utils - INFO - Downloading PLTR data for daily resolution
2025-07-15 12:00:09,507 - utils - INFO - Saved 1005 bars for PLTR daily
2025-07-15 12:00:09,508 - utils - INFO - Download completed
2025-07-15 12:00:09,508 - utils - INFO - Alpaca download completed
2025-07-15 12:00:09,508 - utils - INFO - Data pipeline completed successfully!
2025-07-15 12:00:31,400 - utils - INFO - Starting data download from 2021-01-01 to 2024-12-31
2025-07-15 12:00:31,400 - utils - INFO - Resolution: daily
2025-07-15 12:00:31,400 - utils - INFO - Starting Alpaca data download...
2025-07-15 12:00:31,400 - utils - INFO - Starting download for 1 symbols
2025-07-15 12:00:31,417 - utils - INFO - Downloading NVDA data for daily resolution
2025-07-15 12:00:32,519 - utils - INFO - Saved 1005 bars for NVDA daily
2025-07-15 12:00:32,520 - utils - INFO - Download completed
2025-07-15 12:00:32,520 - utils - INFO - Alpaca download completed
2025-07-15 12:00:32,520 - utils - INFO - Data pipeline completed successfully!
2025-07-15 12:07:51,082 - utils - INFO - Starting data download from 2021-01-01 to 2024-12-31
2025-07-15 12:07:51,083 - utils - INFO - Resolution: daily
2025-07-15 12:07:51,083 - utils - INFO - Starting Alpaca data download...
2025-07-15 12:07:51,083 - utils - INFO - Starting download for 1 symbols
2025-07-15 12:07:51,116 - utils - INFO - Downloading NVDA data for daily resolution
2025-07-15 12:07:52,268 - utils - INFO - Saved 1005 bars for NVDA daily
2025-07-15 12:07:52,269 - utils - INFO - Download completed
2025-07-15 12:07:52,269 - utils - INFO - Alpaca download completed
2025-07-15 12:07:52,269 - utils - INFO - Data pipeline completed successfully!
2025-07-15 12:13:45,879 - utils - INFO - Starting data download from 2020-01-01 to 2024-12-31
2025-07-15 12:13:45,880 - utils - INFO - Resolution: daily
2025-07-15 12:13:45,880 - utils - INFO - Starting Alpaca data download...
2025-07-15 12:13:45,880 - utils - INFO - Starting download for 1 symbols
2025-07-15 12:13:45,913 - utils - INFO - Downloading PLTR data for daily resolution
2025-07-15 12:13:47,377 - utils - INFO - Saved 1070 bars for PLTR daily
2025-07-15 12:13:47,378 - utils - INFO - Download completed
2025-07-15 12:13:47,378 - utils - INFO - Alpaca download completed
2025-07-15 12:13:47,378 - utils - INFO - Data pipeline completed successfully!
2025-07-15 12:14:45,334 - utils - INFO - Starting data download from 2020-01-01 to 2024-12-31
2025-07-15 12:14:45,335 - utils - INFO - Resolution: daily
2025-07-15 12:14:45,335 - utils - INFO - Starting Alpaca data download...
2025-07-15 12:14:45,335 - utils - INFO - Starting download for 1 symbols
2025-07-15 12:14:45,366 - utils - INFO - Downloading PLTR data for daily resolution
2025-07-15 12:14:46,430 - utils - INFO - Saved 1070 bars for PLTR daily
2025-07-15 12:14:46,431 - utils - INFO - Download completed
2025-07-15 12:14:46,431 - utils - INFO - Alpaca download completed
2025-07-15 12:14:46,431 - utils - INFO - Data pipeline completed successfully!
2025-07-15 12:17:12,519 - utils - INFO - Starting data download from 2024-01-01 to 2024-01-31
2025-07-15 12:17:12,519 - utils - INFO - Resolution: daily
2025-07-15 12:17:12,519 - utils - INFO - Starting Binance data download...
2025-07-15 12:17:12,991 - utils - INFO - Starting download for 1 symbols
2025-07-15 12:17:13,026 - utils - INFO - Downloading BTCUSDT data for daily resolution
2025-07-15 12:17:13,692 - utils - INFO - Saved 31 bars for BTCUSDT daily
2025-07-15 12:17:13,692 - utils - INFO - Download completed
2025-07-15 12:17:13,692 - utils - INFO - Binance download completed
2025-07-15 12:17:13,692 - utils - INFO - Data pipeline completed successfully!
